<?xml version="1.0" encoding="UTF-8"?>
<testsuite xmlns:xsi="http://www.w3.org/2001/XMLSchema-instance" xsi:noNamespaceSchemaLocation="https://maven.apache.org/surefire/maven-surefire-plugin/xsd/surefire-test-report-3.0.xsd" version="3.0" name="testRunner.Run" time="214.167" tests="8" errors="0" skipped="0" failures="5">
  <properties>
[...]
</properties>
  <testcase name="runScenario[&quot;succesfull  Login with valid Credentials&quot;, &quot;AddNewCustomer&quot;](1)" classname="testRunner.Run" time="37.424">
    <system-out><![CDATA[[DEBUG] Resolution chrome=109 in cache (valid until 14:07:32 31/01/2023 IST)
[DEBUG] Resolution chrome109=109.0.5414.74 in cache (valid until 18:22:56 31/01/2023 IST)
[INFO] Using chromedriver 109.0.5414.74 (resolved driver for Chrome 109)
[DEBUG] Driver chromedriver 109.0.5414.74 found in cache
[INFO] Exporting webdriver.chrome.driver as C:\Users\dell\.cache\selenium\chromedriver\win32\109.0.5414.74\chromedriver.exe
[DEBUG] Using SLF4J as the default logging framework
[DEBUG] -Dio.netty.leakDetection.level: simple
[DEBUG] -Dio.netty.leakDetection.targetRecords: 4
[DEBUG] Loaded default ResourceLeakDetector: io.netty.util.ResourceLeakDetector@5bb7643d
[DEBUG] -Dio.netty.noUnsafe: false
[DEBUG] Java version: 8
[DEBUG] sun.misc.Unsafe.theUnsafe: available
[DEBUG] sun.misc.Unsafe.copyMemory: available
[DEBUG] sun.misc.Unsafe.storeFence: available
[DEBUG] java.nio.Buffer.address: available
[DEBUG] direct buffer constructor: available
[DEBUG] java.nio.Bits.unaligned: available, true
[DEBUG] jdk.internal.misc.Unsafe.allocateUninitializedArray(int): unavailable prior to Java9
[DEBUG] java.nio.DirectByteBuffer.<init>(long, int): available
[DEBUG] sun.misc.Unsafe: available
[DEBUG] -Dio.netty.tmpdir: C:\Users\dell\AppData\Local\Temp (java.io.tmpdir)
[DEBUG] -Dio.netty.bitMode: 64 (sun.arch.data.model)
[DEBUG] Platform: Windows
[DEBUG] -Dio.netty.maxDirectMemory: 1886912512 bytes
[DEBUG] -Dio.netty.uninitializedArrayAllocationThreshold: -1
[DEBUG] java.nio.ByteBuffer.cleaner(): available
[DEBUG] -Dio.netty.noPreferDirect: false
[DEBUG] org.jctools-core.MpscChunkedArrayQueue: available
[DEBUG] -Dio.netty.threadLocalMap.stringBuilder.initialSize: 1024
[DEBUG] -Dio.netty.threadLocalMap.stringBuilder.maxSize: 4096
[DEBUG] Default protocols (JDK): [TLSv1.2, TLSv1.1, TLSv1] 
[DEBUG] Default cipher suites (JDK): [TLS_ECDHE_ECDSA_WITH_AES_256_GCM_SHA384, TLS_ECDHE_ECDSA_WITH_AES_128_GCM_SHA256, TLS_ECDHE_RSA_WITH_AES_128_GCM_SHA256, TLS_ECDHE_RSA_WITH_AES_256_GCM_SHA384, TLS_ECDHE_RSA_WITH_AES_128_CBC_SHA, TLS_ECDHE_RSA_WITH_AES_256_CBC_SHA, TLS_RSA_WITH_AES_128_GCM_SHA256, TLS_RSA_WITH_AES_128_CBC_SHA, TLS_RSA_WITH_AES_256_CBC_SHA]
[DEBUG] -Dio.netty.eventLoopThreads: 8
[DEBUG] -Dio.netty.noKeySetOptimization: false
[DEBUG] -Dio.netty.selectorAutoRebuildThreshold: 512
[DEBUG] -Dio.netty.allocator.numHeapArenas: 8
[DEBUG] -Dio.netty.allocator.numDirectArenas: 8
[DEBUG] -Dio.netty.allocator.pageSize: 8192
[DEBUG] -Dio.netty.allocator.maxOrder: 9
[DEBUG] -Dio.netty.allocator.chunkSize: 4194304
[DEBUG] -Dio.netty.allocator.smallCacheSize: 256
[DEBUG] -Dio.netty.allocator.normalCacheSize: 64
[DEBUG] -Dio.netty.allocator.maxCachedBufferCapacity: 32768
[DEBUG] -Dio.netty.allocator.cacheTrimInterval: 8192
[DEBUG] -Dio.netty.allocator.cacheTrimIntervalMillis: 0
[DEBUG] -Dio.netty.allocator.useCacheForAllThreads: false
[DEBUG] -Dio.netty.allocator.maxCachedByteBuffersPerChunk: 1023
[DEBUG] -Dio.netty.allocator.type: pooled
[DEBUG] -Dio.netty.threadLocalDirectBufferSize: 0
[DEBUG] -Dio.netty.maxThreadLocalCharBufferSize: 16384
[DEBUG] -Dio.netty.processId: 11364 (auto-detected)
[DEBUG] -Djava.net.preferIPv4Stack: false
[DEBUG] -Djava.net.preferIPv6Addresses: false
[DEBUG] Loopback interface: lo (Software Loopback Interface 1, 127.0.0.1)
[DEBUG] Failed to get SOMAXCONN from sysctl and file \proc\sys\net\core\somaxconn. Default: 200
[DEBUG] -Dio.netty.machineId: 00:ff:0e:ff:fe:07:8d:5b (auto-detected)
[DEBUG] -Dio.netty.buffer.checkAccessible: true
[DEBUG] -Dio.netty.buffer.checkBounds: true
[DEBUG] Loaded default ResourceLeakDetector: io.netty.util.ResourceLeakDetector@316cf2
[DEBUG] Using new Channel '[id: 0x492cf9d5, L:/127.0.0.1:57143 - R:localhost/127.0.0.1:19955]' for 'POST' to '/session'
[DEBUG] -Dio.netty.recycler.maxCapacityPerThread: 4096
[DEBUG] -Dio.netty.recycler.ratio: 8
[DEBUG] -Dio.netty.recycler.chunkSize: 32
[DEBUG] -Dio.netty.recycler.blocking: false
[DEBUG] brotli4j not in the classpath; Brotli support will be unavailable.
[DEBUG] 

Request DefaultHttpRequest(decodeResult: success, version: HTTP/1.1)
POST /session HTTP/1.1
User-Agent: selenium/4.6.0 (java windows)
Content-Length: 365
Content-Type: application/json; charset=utf-8
host: localhost:19955
accept: */*

Response DefaultHttpResponse(decodeResult: success, version: HTTP/1.1)
HTTP/1.1 200 OK
Content-Type: application/json; charset=utf-8
cache-control: no-cache
content-length: 790

[DEBUG] Adding key: http://localhost:19955 for channel [id: 0x492cf9d5, L:/127.0.0.1:57143 - R:localhost/127.0.0.1:19955]
[DEBUG] Using new Channel '[id: 0x87a2bc0d, L:/127.0.0.1:57152 - R:localhost/127.0.0.1:57145]' for 'GET' to '/json/version'
[DEBUG] 

Request DefaultFullHttpRequest(decodeResult: success, version: HTTP/1.1, content: EmptyByteBufBE)
GET /json/version HTTP/1.1
User-Agent: selenium/4.6.0 (java windows)
host: localhost:57145
accept: */*

Response DefaultHttpResponse(decodeResult: success, version: HTTP/1.1)
HTTP/1.1 200 OK
Content-Type: application/json; charset=UTF-8
content-length: 424

[DEBUG] Adding key: http://localhost:57145 for channel [id: 0x87a2bc0d, L:/127.0.0.1:57152 - R:localhost/127.0.0.1:57145]
[DEBUG] -Dio.netty.initialSeedUniquifier: 0xbe01ee6261b85f33
[DEBUG] Using new Channel '[id: 0xf9556417, L:/127.0.0.1:57154 - R:localhost/127.0.0.1:57145]' for 'GET' to '/devtools/browser/da1d9451-694e-4f01-921b-f206588080d7'
[DEBUG] 

Request DefaultFullHttpRequest(decodeResult: success, version: HTTP/1.1, content: EmptyByteBufBE)
GET /devtools/browser/da1d9451-694e-4f01-921b-f206588080d7 HTTP/1.1
upgrade: websocket
connection: upgrade
sec-websocket-key: 7ZKlnnf5H9AcgqBSoUUo3A==
sec-websocket-version: 13
origin: http://localhost:57145
host: localhost:57145
accept: */*
user-agent: AHC/2.1

Response DefaultHttpResponse(decodeResult: success, version: HTTP/1.1)
HTTP/1.1 101 WebSocket Protocol Handshake
Upgrade: WebSocket
Connection: Upgrade
Sec-WebSocket-Accept: O4hhb57cJQIUHDNDnLgJFCB9u+0=

[INFO ] 2023-01-31 13:32:55.397 [main] StepDef - Browser has been launched 
[DEBUG] Using pooled Channel '[id: 0x492cf9d5, L:/127.0.0.1:57143 - R:localhost/127.0.0.1:19955]' for 'POST' to 'http://localhost:19955/session/1cef1f2d6cb966aa7089c41de076584b/url'
[DEBUG] Using open Channel [id: 0x492cf9d5, L:/127.0.0.1:57143 - R:localhost/127.0.0.1:19955] for POST '/session/1cef1f2d6cb966aa7089c41de076584b/url'
[DEBUG] Entry count for : http://localhost:57145 : 1
[DEBUG] Entry count for : http://localhost:57145 : 1
[DEBUG] Entry count for : http://localhost:57145 : 1
[DEBUG] 

Request DefaultHttpRequest(decodeResult: success, version: HTTP/1.1)
POST /session/1cef1f2d6cb966aa7089c41de076584b/url HTTP/1.1
User-Agent: selenium/4.6.0 (java windows)
Content-Length: 69
Content-Type: application/json; charset=utf-8
host: localhost:19955
accept: */*

Response DefaultHttpResponse(decodeResult: success, version: HTTP/1.1)
HTTP/1.1 200 OK
Content-Type: application/json; charset=utf-8
cache-control: no-cache
content-length: 14

[DEBUG] Adding key: http://localhost:19955 for channel [id: 0x492cf9d5, L:/127.0.0.1:57143 - R:localhost/127.0.0.1:19955]
[INFO ] 2023-01-31 13:32:57.849 [main] StepDef - URL has been hitted succesfullyhttp://admin-demo.nopcommerce.com/login
[DEBUG] Using pooled Channel '[id: 0x492cf9d5, L:/127.0.0.1:57143 - R:localhost/127.0.0.1:19955]' for 'POST' to 'http://localhost:19955/session/1cef1f2d6cb966aa7089c41de076584b/element'
[DEBUG] Using open Channel [id: 0x492cf9d5, L:/127.0.0.1:57143 - R:localhost/127.0.0.1:19955] for POST '/session/1cef1f2d6cb966aa7089c41de076584b/element'
[DEBUG] 

Request DefaultHttpRequest(decodeResult: success, version: HTTP/1.1)
POST /session/1cef1f2d6cb966aa7089c41de076584b/element HTTP/1.1
User-Agent: selenium/4.6.0 (java windows)
Content-Length: 50
Content-Type: application/json; charset=utf-8
host: localhost:19955
accept: */*

Response DefaultHttpResponse(decodeResult: success, version: HTTP/1.1)
HTTP/1.1 200 OK
Content-Type: application/json; charset=utf-8
cache-control: no-cache
content-length: 88

[DEBUG] Adding key: http://localhost:19955 for channel [id: 0x492cf9d5, L:/127.0.0.1:57143 - R:localhost/127.0.0.1:19955]
[DEBUG] Using pooled Channel '[id: 0x492cf9d5, L:/127.0.0.1:57143 - R:localhost/127.0.0.1:19955]' for 'POST' to 'http://localhost:19955/session/1cef1f2d6cb966aa7089c41de076584b/element/f0cec4da-a71f-49f7-92e9-7f2561fc8698/clear'
[DEBUG] Using open Channel [id: 0x492cf9d5, L:/127.0.0.1:57143 - R:localhost/127.0.0.1:19955] for POST '/session/1cef1f2d6cb966aa7089c41de076584b/element/f0cec4da-a71f-49f7-92e9-7f2561fc8698/clear'
[DEBUG] 

Request DefaultHttpRequest(decodeResult: success, version: HTTP/1.1)
POST /session/1cef1f2d6cb966aa7089c41de076584b/element/f0cec4da-a71f-49f7-92e9-7f2561fc8698/clear HTTP/1.1
User-Agent: selenium/4.6.0 (java windows)
Content-Length: 50
Content-Type: application/json; charset=utf-8
host: localhost:19955
accept: */*

Response DefaultHttpResponse(decodeResult: success, version: HTTP/1.1)
HTTP/1.1 200 OK
Content-Type: application/json; charset=utf-8
cache-control: no-cache
content-length: 14

[DEBUG] Adding key: http://localhost:19955 for channel [id: 0x492cf9d5, L:/127.0.0.1:57143 - R:localhost/127.0.0.1:19955]
[DEBUG] Using pooled Channel '[id: 0x492cf9d5, L:/127.0.0.1:57143 - R:localhost/127.0.0.1:19955]' for 'POST' to 'http://localhost:19955/session/1cef1f2d6cb966aa7089c41de076584b/element'
[DEBUG] Using open Channel [id: 0x492cf9d5, L:/127.0.0.1:57143 - R:localhost/127.0.0.1:19955] for POST '/session/1cef1f2d6cb966aa7089c41de076584b/element'
[DEBUG] 

Request DefaultHttpRequest(decodeResult: success, version: HTTP/1.1)
POST /session/1cef1f2d6cb966aa7089c41de076584b/element HTTP/1.1
User-Agent: selenium/4.6.0 (java windows)
Content-Length: 50
Content-Type: application/json; charset=utf-8
host: localhost:19955
accept: */*

Response DefaultHttpResponse(decodeResult: success, version: HTTP/1.1)
HTTP/1.1 200 OK
Content-Type: application/json; charset=utf-8
cache-control: no-cache
content-length: 88

[DEBUG] Adding key: http://localhost:19955 for channel [id: 0x492cf9d5, L:/127.0.0.1:57143 - R:localhost/127.0.0.1:19955]
[DEBUG] Using pooled Channel '[id: 0x492cf9d5, L:/127.0.0.1:57143 - R:localhost/127.0.0.1:19955]' for 'POST' to 'http://localhost:19955/session/1cef1f2d6cb966aa7089c41de076584b/element/f0cec4da-a71f-49f7-92e9-7f2561fc8698/value'
[DEBUG] Using open Channel [id: 0x492cf9d5, L:/127.0.0.1:57143 - R:localhost/127.0.0.1:19955] for POST '/session/1cef1f2d6cb966aa7089c41de076584b/element/f0cec4da-a71f-49f7-92e9-7f2561fc8698/value'
[DEBUG] 

Request DefaultHttpRequest(decodeResult: success, version: HTTP/1.1)
POST /session/1cef1f2d6cb966aa7089c41de076584b/element/f0cec4da-a71f-49f7-92e9-7f2561fc8698/value HTTP/1.1
User-Agent: selenium/4.6.0 (java windows)
Content-Length: 271
Content-Type: application/json; charset=utf-8
host: localhost:19955
accept: */*

Response DefaultHttpResponse(decodeResult: success, version: HTTP/1.1)
HTTP/1.1 200 OK
Content-Type: application/json; charset=utf-8
cache-control: no-cache
content-length: 14

[DEBUG] Adding key: http://localhost:19955 for channel [id: 0x492cf9d5, L:/127.0.0.1:57143 - R:localhost/127.0.0.1:19955]
[INFO ] 2023-01-31 13:32:58.049 [main] StepDef - Email Entered succesfully 
[DEBUG] Using pooled Channel '[id: 0x492cf9d5, L:/127.0.0.1:57143 - R:localhost/127.0.0.1:19955]' for 'POST' to 'http://localhost:19955/session/1cef1f2d6cb966aa7089c41de076584b/element'
[DEBUG] Using open Channel [id: 0x492cf9d5, L:/127.0.0.1:57143 - R:localhost/127.0.0.1:19955] for POST '/session/1cef1f2d6cb966aa7089c41de076584b/element'
[DEBUG] 

Request DefaultHttpRequest(decodeResult: success, version: HTTP/1.1)
POST /session/1cef1f2d6cb966aa7089c41de076584b/element HTTP/1.1
User-Agent: selenium/4.6.0 (java windows)
Content-Length: 53
Content-Type: application/json; charset=utf-8
host: localhost:19955
accept: */*

Response DefaultHttpResponse(decodeResult: success, version: HTTP/1.1)
HTTP/1.1 200 OK
Content-Type: application/json; charset=utf-8
cache-control: no-cache
content-length: 88

[DEBUG] Adding key: http://localhost:19955 for channel [id: 0x492cf9d5, L:/127.0.0.1:57143 - R:localhost/127.0.0.1:19955]
[DEBUG] Using pooled Channel '[id: 0x492cf9d5, L:/127.0.0.1:57143 - R:localhost/127.0.0.1:19955]' for 'POST' to 'http://localhost:19955/session/1cef1f2d6cb966aa7089c41de076584b/element/7b2a92a6-b9da-4678-aff8-ff31ec799cae/clear'
[DEBUG] Using open Channel [id: 0x492cf9d5, L:/127.0.0.1:57143 - R:localhost/127.0.0.1:19955] for POST '/session/1cef1f2d6cb966aa7089c41de076584b/element/7b2a92a6-b9da-4678-aff8-ff31ec799cae/clear'
[DEBUG] 

Request DefaultHttpRequest(decodeResult: success, version: HTTP/1.1)
POST /session/1cef1f2d6cb966aa7089c41de076584b/element/7b2a92a6-b9da-4678-aff8-ff31ec799cae/clear HTTP/1.1
User-Agent: selenium/4.6.0 (java windows)
Content-Length: 50
Content-Type: application/json; charset=utf-8
host: localhost:19955
accept: */*

Response DefaultHttpResponse(decodeResult: success, version: HTTP/1.1)
HTTP/1.1 200 OK
Content-Type: application/json; charset=utf-8
cache-control: no-cache
content-length: 14

[DEBUG] Adding key: http://localhost:19955 for channel [id: 0x492cf9d5, L:/127.0.0.1:57143 - R:localhost/127.0.0.1:19955]
[DEBUG] Using pooled Channel '[id: 0x492cf9d5, L:/127.0.0.1:57143 - R:localhost/127.0.0.1:19955]' for 'POST' to 'http://localhost:19955/session/1cef1f2d6cb966aa7089c41de076584b/element'
[DEBUG] Using open Channel [id: 0x492cf9d5, L:/127.0.0.1:57143 - R:localhost/127.0.0.1:19955] for POST '/session/1cef1f2d6cb966aa7089c41de076584b/element'
[DEBUG] 

Request DefaultHttpRequest(decodeResult: success, version: HTTP/1.1)
POST /session/1cef1f2d6cb966aa7089c41de076584b/element HTTP/1.1
User-Agent: selenium/4.6.0 (java windows)
Content-Length: 53
Content-Type: application/json; charset=utf-8
host: localhost:19955
accept: */*

Response DefaultHttpResponse(decodeResult: success, version: HTTP/1.1)
HTTP/1.1 200 OK
Content-Type: application/json; charset=utf-8
cache-control: no-cache
content-length: 88

[DEBUG] Adding key: http://localhost:19955 for channel [id: 0x492cf9d5, L:/127.0.0.1:57143 - R:localhost/127.0.0.1:19955]
[DEBUG] Using pooled Channel '[id: 0x492cf9d5, L:/127.0.0.1:57143 - R:localhost/127.0.0.1:19955]' for 'POST' to 'http://localhost:19955/session/1cef1f2d6cb966aa7089c41de076584b/element/7b2a92a6-b9da-4678-aff8-ff31ec799cae/value'
[DEBUG] Using open Channel [id: 0x492cf9d5, L:/127.0.0.1:57143 - R:localhost/127.0.0.1:19955] for POST '/session/1cef1f2d6cb966aa7089c41de076584b/element/7b2a92a6-b9da-4678-aff8-ff31ec799cae/value'
[DEBUG] 

Request DefaultHttpRequest(decodeResult: success, version: HTTP/1.1)
POST /session/1cef1f2d6cb966aa7089c41de076584b/element/7b2a92a6-b9da-4678-aff8-ff31ec799cae/value HTTP/1.1
User-Agent: selenium/4.6.0 (java windows)
Content-Length: 131
Content-Type: application/json; charset=utf-8
host: localhost:19955
accept: */*

Response DefaultHttpResponse(decodeResult: success, version: HTTP/1.1)
HTTP/1.1 200 OK
Content-Type: application/json; charset=utf-8
cache-control: no-cache
content-length: 14

[DEBUG] Adding key: http://localhost:19955 for channel [id: 0x492cf9d5, L:/127.0.0.1:57143 - R:localhost/127.0.0.1:19955]
[INFO ] 2023-01-31 13:32:58.211 [main] StepDef - Password  Entered succesfully 
[DEBUG] Using pooled Channel '[id: 0x492cf9d5, L:/127.0.0.1:57143 - R:localhost/127.0.0.1:19955]' for 'POST' to 'http://localhost:19955/session/1cef1f2d6cb966aa7089c41de076584b/element'
[DEBUG] Using open Channel [id: 0x492cf9d5, L:/127.0.0.1:57143 - R:localhost/127.0.0.1:19955] for POST '/session/1cef1f2d6cb966aa7089c41de076584b/element'
[DEBUG] 

Request DefaultHttpRequest(decodeResult: success, version: HTTP/1.1)
POST /session/1cef1f2d6cb966aa7089c41de076584b/element HTTP/1.1
User-Agent: selenium/4.6.0 (java windows)
Content-Length: 71
Content-Type: application/json; charset=utf-8
host: localhost:19955
accept: */*

Response DefaultHttpResponse(decodeResult: success, version: HTTP/1.1)
HTTP/1.1 200 OK
Content-Type: application/json; charset=utf-8
cache-control: no-cache
content-length: 88

[DEBUG] Adding key: http://localhost:19955 for channel [id: 0x492cf9d5, L:/127.0.0.1:57143 - R:localhost/127.0.0.1:19955]
[DEBUG] Using pooled Channel '[id: 0x492cf9d5, L:/127.0.0.1:57143 - R:localhost/127.0.0.1:19955]' for 'POST' to 'http://localhost:19955/session/1cef1f2d6cb966aa7089c41de076584b/element/2481884f-4e55-491b-b223-2a10bbe84386/click'
[DEBUG] Using open Channel [id: 0x492cf9d5, L:/127.0.0.1:57143 - R:localhost/127.0.0.1:19955] for POST '/session/1cef1f2d6cb966aa7089c41de076584b/element/2481884f-4e55-491b-b223-2a10bbe84386/click'
[DEBUG] Entry count for : http://localhost:57145 : 1
[DEBUG] Entry count for : http://localhost:57145 : 1
[DEBUG] Entry count for : http://localhost:57145 : 1
[DEBUG] Entry count for : http://localhost:57145 : 1
[DEBUG] Entry count for : http://localhost:57145 : 1
[DEBUG] Entry count for : http://localhost:57145 : 1
[DEBUG] Entry count for : http://localhost:57145 : 1
[DEBUG] Entry count for : http://localhost:57145 : 1
[DEBUG] Entry count for : http://localhost:57145 : 1
[DEBUG] Entry count for : http://localhost:57145 : 1
[DEBUG] 

Request DefaultHttpRequest(decodeResult: success, version: HTTP/1.1)
POST /session/1cef1f2d6cb966aa7089c41de076584b/element/2481884f-4e55-491b-b223-2a10bbe84386/click HTTP/1.1
User-Agent: selenium/4.6.0 (java windows)
Content-Length: 50
Content-Type: application/json; charset=utf-8
host: localhost:19955
accept: */*

Response DefaultHttpResponse(decodeResult: success, version: HTTP/1.1)
HTTP/1.1 200 OK
Content-Type: application/json; charset=utf-8
cache-control: no-cache
content-length: 14

[DEBUG] Adding key: http://localhost:19955 for channel [id: 0x492cf9d5, L:/127.0.0.1:57143 - R:localhost/127.0.0.1:19955]
[INFO ] 2023-01-31 13:33:08.944 [main] StepDef - Clicked on login Button successfully
[DEBUG] Using pooled Channel '[id: 0x492cf9d5, L:/127.0.0.1:57143 - R:localhost/127.0.0.1:19955]' for 'GET' to 'http://localhost:19955/session/1cef1f2d6cb966aa7089c41de076584b/title'
[DEBUG] Using open Channel [id: 0x492cf9d5, L:/127.0.0.1:57143 - R:localhost/127.0.0.1:19955] for GET '/session/1cef1f2d6cb966aa7089c41de076584b/title'
[DEBUG] 

Request DefaultFullHttpRequest(decodeResult: success, version: HTTP/1.1, content: EmptyByteBufBE)
GET /session/1cef1f2d6cb966aa7089c41de076584b/title HTTP/1.1
User-Agent: selenium/4.6.0 (java windows)
Cache-Control: no-cache
Content-Type: application/json; charset=utf-8
host: localhost:19955
accept: */*

Response DefaultHttpResponse(decodeResult: success, version: HTTP/1.1)
HTTP/1.1 200 OK
Content-Type: application/json; charset=utf-8
cache-control: no-cache
content-length: 50

[DEBUG] Adding key: http://localhost:19955 for channel [id: 0x492cf9d5, L:/127.0.0.1:57143 - R:localhost/127.0.0.1:19955]
[DEBUG] Using pooled Channel '[id: 0x492cf9d5, L:/127.0.0.1:57143 - R:localhost/127.0.0.1:19955]' for 'POST' to 'http://localhost:19955/session/1cef1f2d6cb966aa7089c41de076584b/element'
[DEBUG] Using open Channel [id: 0x492cf9d5, L:/127.0.0.1:57143 - R:localhost/127.0.0.1:19955] for POST '/session/1cef1f2d6cb966aa7089c41de076584b/element'
[DEBUG] 

Request DefaultHttpRequest(decodeResult: success, version: HTTP/1.1)
POST /session/1cef1f2d6cb966aa7089c41de076584b/element HTTP/1.1
User-Agent: selenium/4.6.0 (java windows)
Content-Length: 199
Content-Type: application/json; charset=utf-8
host: localhost:19955
accept: */*

Response DefaultHttpResponse(decodeResult: success, version: HTTP/1.1)
HTTP/1.1 200 OK
Content-Type: application/json; charset=utf-8
cache-control: no-cache
content-length: 88

[DEBUG] Adding key: http://localhost:19955 for channel [id: 0x492cf9d5, L:/127.0.0.1:57143 - R:localhost/127.0.0.1:19955]
[DEBUG] Using pooled Channel '[id: 0x492cf9d5, L:/127.0.0.1:57143 - R:localhost/127.0.0.1:19955]' for 'POST' to 'http://localhost:19955/session/1cef1f2d6cb966aa7089c41de076584b/element/af89494a-7b09-46fc-a20e-e0e3923c3f5b/click'
[DEBUG] Using open Channel [id: 0x492cf9d5, L:/127.0.0.1:57143 - R:localhost/127.0.0.1:19955] for POST '/session/1cef1f2d6cb966aa7089c41de076584b/element/af89494a-7b09-46fc-a20e-e0e3923c3f5b/click'
[DEBUG] 

Request DefaultHttpRequest(decodeResult: success, version: HTTP/1.1)
POST /session/1cef1f2d6cb966aa7089c41de076584b/element/af89494a-7b09-46fc-a20e-e0e3923c3f5b/click HTTP/1.1
User-Agent: selenium/4.6.0 (java windows)
Content-Length: 50
Content-Type: application/json; charset=utf-8
host: localhost:19955
accept: */*

Response DefaultHttpResponse(decodeResult: success, version: HTTP/1.1)
HTTP/1.1 200 OK
Content-Type: application/json; charset=utf-8
cache-control: no-cache
content-length: 14

[DEBUG] Adding key: http://localhost:19955 for channel [id: 0x492cf9d5, L:/127.0.0.1:57143 - R:localhost/127.0.0.1:19955]
[INFO ] 2023-01-31 13:33:09.066 [main] StepDef - clicked on customer menu successfully
[DEBUG] Using pooled Channel '[id: 0x492cf9d5, L:/127.0.0.1:57143 - R:localhost/127.0.0.1:19955]' for 'POST' to 'http://localhost:19955/session/1cef1f2d6cb966aa7089c41de076584b/element'
[DEBUG] Using open Channel [id: 0x492cf9d5, L:/127.0.0.1:57143 - R:localhost/127.0.0.1:19955] for POST '/session/1cef1f2d6cb966aa7089c41de076584b/element'
[DEBUG] 

Request DefaultHttpRequest(decodeResult: success, version: HTTP/1.1)
POST /session/1cef1f2d6cb966aa7089c41de076584b/element HTTP/1.1
User-Agent: selenium/4.6.0 (java windows)
Content-Length: 239
Content-Type: application/json; charset=utf-8
host: localhost:19955
accept: */*

Response DefaultHttpResponse(decodeResult: success, version: HTTP/1.1)
HTTP/1.1 200 OK
Content-Type: application/json; charset=utf-8
cache-control: no-cache
content-length: 88

[DEBUG] Adding key: http://localhost:19955 for channel [id: 0x492cf9d5, L:/127.0.0.1:57143 - R:localhost/127.0.0.1:19955]
[DEBUG] Using pooled Channel '[id: 0x492cf9d5, L:/127.0.0.1:57143 - R:localhost/127.0.0.1:19955]' for 'POST' to 'http://localhost:19955/session/1cef1f2d6cb966aa7089c41de076584b/element/751c1570-036c-4684-bbda-d4e71cf07cf0/click'
[DEBUG] Using open Channel [id: 0x492cf9d5, L:/127.0.0.1:57143 - R:localhost/127.0.0.1:19955] for POST '/session/1cef1f2d6cb966aa7089c41de076584b/element/751c1570-036c-4684-bbda-d4e71cf07cf0/click'
[DEBUG] Entry count for : http://localhost:57145 : 1
[DEBUG] Entry count for : http://localhost:57145 : 1
[DEBUG] 

Request DefaultHttpRequest(decodeResult: success, version: HTTP/1.1)
POST /session/1cef1f2d6cb966aa7089c41de076584b/element/751c1570-036c-4684-bbda-d4e71cf07cf0/click HTTP/1.1
User-Agent: selenium/4.6.0 (java windows)
Content-Length: 50
Content-Type: application/json; charset=utf-8
host: localhost:19955
accept: */*

Response DefaultHttpResponse(decodeResult: success, version: HTTP/1.1)
HTTP/1.1 200 OK
Content-Type: application/json; charset=utf-8
cache-control: no-cache
content-length: 14

[DEBUG] Adding key: http://localhost:19955 for channel [id: 0x492cf9d5, L:/127.0.0.1:57143 - R:localhost/127.0.0.1:19955]
[INFO ] 2023-01-31 13:33:11.960 [main] StepDef - CLicked on customer Btn succesfully
[DEBUG] Using pooled Channel '[id: 0x492cf9d5, L:/127.0.0.1:57143 - R:localhost/127.0.0.1:19955]' for 'POST' to 'http://localhost:19955/session/1cef1f2d6cb966aa7089c41de076584b/element'
[DEBUG] Using open Channel [id: 0x492cf9d5, L:/127.0.0.1:57143 - R:localhost/127.0.0.1:19955] for POST '/session/1cef1f2d6cb966aa7089c41de076584b/element'
[DEBUG] Entry count for : http://localhost:57145 : 1
[DEBUG] 

Request DefaultHttpRequest(decodeResult: success, version: HTTP/1.1)
POST /session/1cef1f2d6cb966aa7089c41de076584b/element HTTP/1.1
User-Agent: selenium/4.6.0 (java windows)
Content-Length: 119
Content-Type: application/json; charset=utf-8
host: localhost:19955
accept: */*

Response DefaultHttpResponse(decodeResult: success, version: HTTP/1.1)
HTTP/1.1 200 OK
Content-Type: application/json; charset=utf-8
cache-control: no-cache
content-length: 88

[DEBUG] Adding key: http://localhost:19955 for channel [id: 0x492cf9d5, L:/127.0.0.1:57143 - R:localhost/127.0.0.1:19955]
[DEBUG] Using pooled Channel '[id: 0x492cf9d5, L:/127.0.0.1:57143 - R:localhost/127.0.0.1:19955]' for 'POST' to 'http://localhost:19955/session/1cef1f2d6cb966aa7089c41de076584b/element/c445fbf8-3156-400b-898c-42f9caa6ed0d/click'
[DEBUG] Using open Channel [id: 0x492cf9d5, L:/127.0.0.1:57143 - R:localhost/127.0.0.1:19955] for POST '/session/1cef1f2d6cb966aa7089c41de076584b/element/c445fbf8-3156-400b-898c-42f9caa6ed0d/click'
[DEBUG] Entry count for : http://localhost:57145 : 1
[DEBUG] Entry count for : http://localhost:57145 : 1
[DEBUG] Entry count for : http://localhost:57145 : 1
[DEBUG] Entry count for : http://localhost:57145 : 1
[DEBUG] 

Request DefaultHttpRequest(decodeResult: success, version: HTTP/1.1)
POST /session/1cef1f2d6cb966aa7089c41de076584b/element/c445fbf8-3156-400b-898c-42f9caa6ed0d/click HTTP/1.1
User-Agent: selenium/4.6.0 (java windows)
Content-Length: 50
Content-Type: application/json; charset=utf-8
host: localhost:19955
accept: */*

Response DefaultHttpResponse(decodeResult: success, version: HTTP/1.1)
HTTP/1.1 200 OK
Content-Type: application/json; charset=utf-8
cache-control: no-cache
content-length: 14

[DEBUG] Adding key: http://localhost:19955 for channel [id: 0x492cf9d5, L:/127.0.0.1:57143 - R:localhost/127.0.0.1:19955]
[INFO ] 2023-01-31 13:33:16.740 [main] StepDef - CLicked on add new customer Btn succesfully
[DEBUG] Using pooled Channel '[id: 0x492cf9d5, L:/127.0.0.1:57143 - R:localhost/127.0.0.1:19955]' for 'POST' to 'http://localhost:19955/session/1cef1f2d6cb966aa7089c41de076584b/element'
[DEBUG] Using open Channel [id: 0x492cf9d5, L:/127.0.0.1:57143 - R:localhost/127.0.0.1:19955] for POST '/session/1cef1f2d6cb966aa7089c41de076584b/element'
[DEBUG] 

Request DefaultHttpRequest(decodeResult: success, version: HTTP/1.1)
POST /session/1cef1f2d6cb966aa7089c41de076584b/element HTTP/1.1
User-Agent: selenium/4.6.0 (java windows)
Content-Length: 67
Content-Type: application/json; charset=utf-8
host: localhost:19955
accept: */*

Response DefaultHttpResponse(decodeResult: success, version: HTTP/1.1)
HTTP/1.1 200 OK
Content-Type: application/json; charset=utf-8
cache-control: no-cache
content-length: 88

[DEBUG] Adding key: http://localhost:19955 for channel [id: 0x492cf9d5, L:/127.0.0.1:57143 - R:localhost/127.0.0.1:19955]
[DEBUG] Using pooled Channel '[id: 0x492cf9d5, L:/127.0.0.1:57143 - R:localhost/127.0.0.1:19955]' for 'POST' to 'http://localhost:19955/session/1cef1f2d6cb966aa7089c41de076584b/element/22ea3664-b4f5-4cba-8fcd-96d2e29f1d3b/clear'
[DEBUG] Using open Channel [id: 0x492cf9d5, L:/127.0.0.1:57143 - R:localhost/127.0.0.1:19955] for POST '/session/1cef1f2d6cb966aa7089c41de076584b/element/22ea3664-b4f5-4cba-8fcd-96d2e29f1d3b/clear'
[DEBUG] 

Request DefaultHttpRequest(decodeResult: success, version: HTTP/1.1)
POST /session/1cef1f2d6cb966aa7089c41de076584b/element/22ea3664-b4f5-4cba-8fcd-96d2e29f1d3b/clear HTTP/1.1
User-Agent: selenium/4.6.0 (java windows)
Content-Length: 50
Content-Type: application/json; charset=utf-8
host: localhost:19955
accept: */*

Response DefaultHttpResponse(decodeResult: success, version: HTTP/1.1)
HTTP/1.1 200 OK
Content-Type: application/json; charset=utf-8
cache-control: no-cache
content-length: 14

[DEBUG] Adding key: http://localhost:19955 for channel [id: 0x492cf9d5, L:/127.0.0.1:57143 - R:localhost/127.0.0.1:19955]
[DEBUG] Using pooled Channel '[id: 0x492cf9d5, L:/127.0.0.1:57143 - R:localhost/127.0.0.1:19955]' for 'POST' to 'http://localhost:19955/session/1cef1f2d6cb966aa7089c41de076584b/element'
[DEBUG] Using open Channel [id: 0x492cf9d5, L:/127.0.0.1:57143 - R:localhost/127.0.0.1:19955] for POST '/session/1cef1f2d6cb966aa7089c41de076584b/element'
[DEBUG] 

Request DefaultHttpRequest(decodeResult: success, version: HTTP/1.1)
POST /session/1cef1f2d6cb966aa7089c41de076584b/element HTTP/1.1
User-Agent: selenium/4.6.0 (java windows)
Content-Length: 67
Content-Type: application/json; charset=utf-8
host: localhost:19955
accept: */*

Response DefaultHttpResponse(decodeResult: success, version: HTTP/1.1)
HTTP/1.1 200 OK
Content-Type: application/json; charset=utf-8
cache-control: no-cache
content-length: 88

[DEBUG] Adding key: http://localhost:19955 for channel [id: 0x492cf9d5, L:/127.0.0.1:57143 - R:localhost/127.0.0.1:19955]
[DEBUG] Using pooled Channel '[id: 0x492cf9d5, L:/127.0.0.1:57143 - R:localhost/127.0.0.1:19955]' for 'POST' to 'http://localhost:19955/session/1cef1f2d6cb966aa7089c41de076584b/element/22ea3664-b4f5-4cba-8fcd-96d2e29f1d3b/value'
[DEBUG] Using open Channel [id: 0x492cf9d5, L:/127.0.0.1:57143 - R:localhost/127.0.0.1:19955] for POST '/session/1cef1f2d6cb966aa7089c41de076584b/element/22ea3664-b4f5-4cba-8fcd-96d2e29f1d3b/value'
[DEBUG] 

Request DefaultHttpRequest(decodeResult: success, version: HTTP/1.1)
POST /session/1cef1f2d6cb966aa7089c41de076584b/element/22ea3664-b4f5-4cba-8fcd-96d2e29f1d3b/value HTTP/1.1
User-Agent: selenium/4.6.0 (java windows)
Content-Length: 231
Content-Type: application/json; charset=utf-8
host: localhost:19955
accept: */*

Response DefaultHttpResponse(decodeResult: success, version: HTTP/1.1)
HTTP/1.1 200 OK
Content-Type: application/json; charset=utf-8
cache-control: no-cache
content-length: 14

[DEBUG] Adding key: http://localhost:19955 for channel [id: 0x492cf9d5, L:/127.0.0.1:57143 - R:localhost/127.0.0.1:19955]
[DEBUG] Using pooled Channel '[id: 0x492cf9d5, L:/127.0.0.1:57143 - R:localhost/127.0.0.1:19955]' for 'POST' to 'http://localhost:19955/session/1cef1f2d6cb966aa7089c41de076584b/element'
[DEBUG] Using open Channel [id: 0x492cf9d5, L:/127.0.0.1:57143 - R:localhost/127.0.0.1:19955] for POST '/session/1cef1f2d6cb966aa7089c41de076584b/element'
[DEBUG] 

Request DefaultHttpRequest(decodeResult: success, version: HTTP/1.1)
POST /session/1cef1f2d6cb966aa7089c41de076584b/element HTTP/1.1
User-Agent: selenium/4.6.0 (java windows)
Content-Length: 70
Content-Type: application/json; charset=utf-8
host: localhost:19955
accept: */*

Response DefaultHttpResponse(decodeResult: success, version: HTTP/1.1)
HTTP/1.1 200 OK
Content-Type: application/json; charset=utf-8
cache-control: no-cache
content-length: 88

[DEBUG] Adding key: http://localhost:19955 for channel [id: 0x492cf9d5, L:/127.0.0.1:57143 - R:localhost/127.0.0.1:19955]
[DEBUG] Using pooled Channel '[id: 0x492cf9d5, L:/127.0.0.1:57143 - R:localhost/127.0.0.1:19955]' for 'POST' to 'http://localhost:19955/session/1cef1f2d6cb966aa7089c41de076584b/element/78cec9c0-b730-44e9-84b6-3282ca8de1f2/clear'
[DEBUG] Using open Channel [id: 0x492cf9d5, L:/127.0.0.1:57143 - R:localhost/127.0.0.1:19955] for POST '/session/1cef1f2d6cb966aa7089c41de076584b/element/78cec9c0-b730-44e9-84b6-3282ca8de1f2/clear'
[DEBUG] 

Request DefaultHttpRequest(decodeResult: success, version: HTTP/1.1)
POST /session/1cef1f2d6cb966aa7089c41de076584b/element/78cec9c0-b730-44e9-84b6-3282ca8de1f2/clear HTTP/1.1
User-Agent: selenium/4.6.0 (java windows)
Content-Length: 50
Content-Type: application/json; charset=utf-8
host: localhost:19955
accept: */*

Response DefaultHttpResponse(decodeResult: success, version: HTTP/1.1)
HTTP/1.1 200 OK
Content-Type: application/json; charset=utf-8
cache-control: no-cache
content-length: 14

[DEBUG] Adding key: http://localhost:19955 for channel [id: 0x492cf9d5, L:/127.0.0.1:57143 - R:localhost/127.0.0.1:19955]
[DEBUG] Using pooled Channel '[id: 0x492cf9d5, L:/127.0.0.1:57143 - R:localhost/127.0.0.1:19955]' for 'POST' to 'http://localhost:19955/session/1cef1f2d6cb966aa7089c41de076584b/element'
[DEBUG] Using open Channel [id: 0x492cf9d5, L:/127.0.0.1:57143 - R:localhost/127.0.0.1:19955] for POST '/session/1cef1f2d6cb966aa7089c41de076584b/element'
[DEBUG] 

Request DefaultHttpRequest(decodeResult: success, version: HTTP/1.1)
POST /session/1cef1f2d6cb966aa7089c41de076584b/element HTTP/1.1
User-Agent: selenium/4.6.0 (java windows)
Content-Length: 70
Content-Type: application/json; charset=utf-8
host: localhost:19955
accept: */*

Response DefaultHttpResponse(decodeResult: success, version: HTTP/1.1)
HTTP/1.1 200 OK
Content-Type: application/json; charset=utf-8
cache-control: no-cache
content-length: 88

[DEBUG] Adding key: http://localhost:19955 for channel [id: 0x492cf9d5, L:/127.0.0.1:57143 - R:localhost/127.0.0.1:19955]
[DEBUG] Using pooled Channel '[id: 0x492cf9d5, L:/127.0.0.1:57143 - R:localhost/127.0.0.1:19955]' for 'POST' to 'http://localhost:19955/session/1cef1f2d6cb966aa7089c41de076584b/element/78cec9c0-b730-44e9-84b6-3282ca8de1f2/value'
[DEBUG] Using open Channel [id: 0x492cf9d5, L:/127.0.0.1:57143 - R:localhost/127.0.0.1:19955] for POST '/session/1cef1f2d6cb966aa7089c41de076584b/element/78cec9c0-b730-44e9-84b6-3282ca8de1f2/value'
[DEBUG] 

Request DefaultHttpRequest(decodeResult: success, version: HTTP/1.1)
POST /session/1cef1f2d6cb966aa7089c41de076584b/element/78cec9c0-b730-44e9-84b6-3282ca8de1f2/value HTTP/1.1
User-Agent: selenium/4.6.0 (java windows)
Content-Length: 191
Content-Type: application/json; charset=utf-8
host: localhost:19955
accept: */*

Response DefaultHttpResponse(decodeResult: success, version: HTTP/1.1)
HTTP/1.1 200 OK
Content-Type: application/json; charset=utf-8
cache-control: no-cache
content-length: 14

[DEBUG] Adding key: http://localhost:19955 for channel [id: 0x492cf9d5, L:/127.0.0.1:57143 - R:localhost/127.0.0.1:19955]
[DEBUG] Using pooled Channel '[id: 0x492cf9d5, L:/127.0.0.1:57143 - R:localhost/127.0.0.1:19955]' for 'POST' to 'http://localhost:19955/session/1cef1f2d6cb966aa7089c41de076584b/element'
[DEBUG] Using open Channel [id: 0x492cf9d5, L:/127.0.0.1:57143 - R:localhost/127.0.0.1:19955] for POST '/session/1cef1f2d6cb966aa7089c41de076584b/element'
[DEBUG] 

Request DefaultHttpRequest(decodeResult: success, version: HTTP/1.1)
POST /session/1cef1f2d6cb966aa7089c41de076584b/element HTTP/1.1
User-Agent: selenium/4.6.0 (java windows)
Content-Length: 71
Content-Type: application/json; charset=utf-8
host: localhost:19955
accept: */*

Response DefaultHttpResponse(decodeResult: success, version: HTTP/1.1)
HTTP/1.1 200 OK
Content-Type: application/json; charset=utf-8
cache-control: no-cache
content-length: 88

[DEBUG] Adding key: http://localhost:19955 for channel [id: 0x492cf9d5, L:/127.0.0.1:57143 - R:localhost/127.0.0.1:19955]
[DEBUG] Using pooled Channel '[id: 0x492cf9d5, L:/127.0.0.1:57143 - R:localhost/127.0.0.1:19955]' for 'POST' to 'http://localhost:19955/session/1cef1f2d6cb966aa7089c41de076584b/element/78040a25-fa5f-45a2-9ea6-cf3523743cae/clear'
[DEBUG] Using open Channel [id: 0x492cf9d5, L:/127.0.0.1:57143 - R:localhost/127.0.0.1:19955] for POST '/session/1cef1f2d6cb966aa7089c41de076584b/element/78040a25-fa5f-45a2-9ea6-cf3523743cae/clear'
[DEBUG] 

Request DefaultHttpRequest(decodeResult: success, version: HTTP/1.1)
POST /session/1cef1f2d6cb966aa7089c41de076584b/element/78040a25-fa5f-45a2-9ea6-cf3523743cae/clear HTTP/1.1
User-Agent: selenium/4.6.0 (java windows)
Content-Length: 50
Content-Type: application/json; charset=utf-8
host: localhost:19955
accept: */*

Response DefaultHttpResponse(decodeResult: success, version: HTTP/1.1)
HTTP/1.1 200 OK
Content-Type: application/json; charset=utf-8
cache-control: no-cache
content-length: 14

[DEBUG] Adding key: http://localhost:19955 for channel [id: 0x492cf9d5, L:/127.0.0.1:57143 - R:localhost/127.0.0.1:19955]
[DEBUG] Using pooled Channel '[id: 0x492cf9d5, L:/127.0.0.1:57143 - R:localhost/127.0.0.1:19955]' for 'POST' to 'http://localhost:19955/session/1cef1f2d6cb966aa7089c41de076584b/element'
[DEBUG] Using open Channel [id: 0x492cf9d5, L:/127.0.0.1:57143 - R:localhost/127.0.0.1:19955] for POST '/session/1cef1f2d6cb966aa7089c41de076584b/element'
[DEBUG] 

Request DefaultHttpRequest(decodeResult: success, version: HTTP/1.1)
POST /session/1cef1f2d6cb966aa7089c41de076584b/element HTTP/1.1
User-Agent: selenium/4.6.0 (java windows)
Content-Length: 71
Content-Type: application/json; charset=utf-8
host: localhost:19955
accept: */*

Response DefaultHttpResponse(decodeResult: success, version: HTTP/1.1)
HTTP/1.1 200 OK
Content-Type: application/json; charset=utf-8
cache-control: no-cache
content-length: 88

[DEBUG] Adding key: http://localhost:19955 for channel [id: 0x492cf9d5, L:/127.0.0.1:57143 - R:localhost/127.0.0.1:19955]
[DEBUG] Using pooled Channel '[id: 0x492cf9d5, L:/127.0.0.1:57143 - R:localhost/127.0.0.1:19955]' for 'POST' to 'http://localhost:19955/session/1cef1f2d6cb966aa7089c41de076584b/element/78040a25-fa5f-45a2-9ea6-cf3523743cae/value'
[DEBUG] Using open Channel [id: 0x492cf9d5, L:/127.0.0.1:57143 - R:localhost/127.0.0.1:19955] for POST '/session/1cef1f2d6cb966aa7089c41de076584b/element/78040a25-fa5f-45a2-9ea6-cf3523743cae/value'
[DEBUG] 

Request DefaultHttpRequest(decodeResult: success, version: HTTP/1.1)
POST /session/1cef1f2d6cb966aa7089c41de076584b/element/78040a25-fa5f-45a2-9ea6-cf3523743cae/value HTTP/1.1
User-Agent: selenium/4.6.0 (java windows)
Content-Length: 171
Content-Type: application/json; charset=utf-8
host: localhost:19955
accept: */*

Response DefaultHttpResponse(decodeResult: success, version: HTTP/1.1)
HTTP/1.1 200 OK
Content-Type: application/json; charset=utf-8
cache-control: no-cache
content-length: 14

[DEBUG] Adding key: http://localhost:19955 for channel [id: 0x492cf9d5, L:/127.0.0.1:57143 - R:localhost/127.0.0.1:19955]
[DEBUG] Using pooled Channel '[id: 0x492cf9d5, L:/127.0.0.1:57143 - R:localhost/127.0.0.1:19955]' for 'POST' to 'http://localhost:19955/session/1cef1f2d6cb966aa7089c41de076584b/element'
[DEBUG] Using open Channel [id: 0x492cf9d5, L:/127.0.0.1:57143 - R:localhost/127.0.0.1:19955] for POST '/session/1cef1f2d6cb966aa7089c41de076584b/element'
[DEBUG] 

Request DefaultHttpRequest(decodeResult: success, version: HTTP/1.1)
POST /session/1cef1f2d6cb966aa7089c41de076584b/element HTTP/1.1
User-Agent: selenium/4.6.0 (java windows)
Content-Length: 70
Content-Type: application/json; charset=utf-8
host: localhost:19955
accept: */*

Response DefaultHttpResponse(decodeResult: success, version: HTTP/1.1)
HTTP/1.1 200 OK
Content-Type: application/json; charset=utf-8
cache-control: no-cache
content-length: 88

[DEBUG] Adding key: http://localhost:19955 for channel [id: 0x492cf9d5, L:/127.0.0.1:57143 - R:localhost/127.0.0.1:19955]
[DEBUG] Using pooled Channel '[id: 0x492cf9d5, L:/127.0.0.1:57143 - R:localhost/127.0.0.1:19955]' for 'POST' to 'http://localhost:19955/session/1cef1f2d6cb966aa7089c41de076584b/element/1696ace5-aa73-4317-988e-d8588920d27f/clear'
[DEBUG] Using open Channel [id: 0x492cf9d5, L:/127.0.0.1:57143 - R:localhost/127.0.0.1:19955] for POST '/session/1cef1f2d6cb966aa7089c41de076584b/element/1696ace5-aa73-4317-988e-d8588920d27f/clear'
[DEBUG] 

Request DefaultHttpRequest(decodeResult: success, version: HTTP/1.1)
POST /session/1cef1f2d6cb966aa7089c41de076584b/element/1696ace5-aa73-4317-988e-d8588920d27f/clear HTTP/1.1
User-Agent: selenium/4.6.0 (java windows)
Content-Length: 50
Content-Type: application/json; charset=utf-8
host: localhost:19955
accept: */*

Response DefaultHttpResponse(decodeResult: success, version: HTTP/1.1)
HTTP/1.1 200 OK
Content-Type: application/json; charset=utf-8
cache-control: no-cache
content-length: 14

[DEBUG] Adding key: http://localhost:19955 for channel [id: 0x492cf9d5, L:/127.0.0.1:57143 - R:localhost/127.0.0.1:19955]
[DEBUG] Using pooled Channel '[id: 0x492cf9d5, L:/127.0.0.1:57143 - R:localhost/127.0.0.1:19955]' for 'POST' to 'http://localhost:19955/session/1cef1f2d6cb966aa7089c41de076584b/element'
[DEBUG] Using open Channel [id: 0x492cf9d5, L:/127.0.0.1:57143 - R:localhost/127.0.0.1:19955] for POST '/session/1cef1f2d6cb966aa7089c41de076584b/element'
[DEBUG] 

Request DefaultHttpRequest(decodeResult: success, version: HTTP/1.1)
POST /session/1cef1f2d6cb966aa7089c41de076584b/element HTTP/1.1
User-Agent: selenium/4.6.0 (java windows)
Content-Length: 70
Content-Type: application/json; charset=utf-8
host: localhost:19955
accept: */*

Response DefaultHttpResponse(decodeResult: success, version: HTTP/1.1)
HTTP/1.1 200 OK
Content-Type: application/json; charset=utf-8
cache-control: no-cache
content-length: 88

[DEBUG] Adding key: http://localhost:19955 for channel [id: 0x492cf9d5, L:/127.0.0.1:57143 - R:localhost/127.0.0.1:19955]
[DEBUG] Using pooled Channel '[id: 0x492cf9d5, L:/127.0.0.1:57143 - R:localhost/127.0.0.1:19955]' for 'POST' to 'http://localhost:19955/session/1cef1f2d6cb966aa7089c41de076584b/element/1696ace5-aa73-4317-988e-d8588920d27f/value'
[DEBUG] Using open Channel [id: 0x492cf9d5, L:/127.0.0.1:57143 - R:localhost/127.0.0.1:19955] for POST '/session/1cef1f2d6cb966aa7089c41de076584b/element/1696ace5-aa73-4317-988e-d8588920d27f/value'
[DEBUG] Entry count for : http://localhost:57145 : 1
[DEBUG] 

Request DefaultHttpRequest(decodeResult: success, version: HTTP/1.1)
POST /session/1cef1f2d6cb966aa7089c41de076584b/element/1696ace5-aa73-4317-988e-d8588920d27f/value HTTP/1.1
User-Agent: selenium/4.6.0 (java windows)
Content-Length: 171
Content-Type: application/json; charset=utf-8
host: localhost:19955
accept: */*

Response DefaultHttpResponse(decodeResult: success, version: HTTP/1.1)
HTTP/1.1 200 OK
Content-Type: application/json; charset=utf-8
cache-control: no-cache
content-length: 14

[DEBUG] Adding key: http://localhost:19955 for channel [id: 0x492cf9d5, L:/127.0.0.1:57143 - R:localhost/127.0.0.1:19955]
[DEBUG] Using pooled Channel '[id: 0x492cf9d5, L:/127.0.0.1:57143 - R:localhost/127.0.0.1:19955]' for 'POST' to 'http://localhost:19955/session/1cef1f2d6cb966aa7089c41de076584b/element'
[DEBUG] Using open Channel [id: 0x492cf9d5, L:/127.0.0.1:57143 - R:localhost/127.0.0.1:19955] for POST '/session/1cef1f2d6cb966aa7089c41de076584b/element'
[DEBUG] 

Request DefaultHttpRequest(decodeResult: success, version: HTTP/1.1)
POST /session/1cef1f2d6cb966aa7089c41de076584b/element HTTP/1.1
User-Agent: selenium/4.6.0 (java windows)
Content-Length: 73
Content-Type: application/json; charset=utf-8
host: localhost:19955
accept: */*

Response DefaultHttpResponse(decodeResult: success, version: HTTP/1.1)
HTTP/1.1 200 OK
Content-Type: application/json; charset=utf-8
cache-control: no-cache
content-length: 88

[DEBUG] Adding key: http://localhost:19955 for channel [id: 0x492cf9d5, L:/127.0.0.1:57143 - R:localhost/127.0.0.1:19955]
[DEBUG] Using pooled Channel '[id: 0x492cf9d5, L:/127.0.0.1:57143 - R:localhost/127.0.0.1:19955]' for 'POST' to 'http://localhost:19955/session/1cef1f2d6cb966aa7089c41de076584b/element/4a97843a-79dd-4b88-93ff-17436cf5dbb2/click'
[DEBUG] Using open Channel [id: 0x492cf9d5, L:/127.0.0.1:57143 - R:localhost/127.0.0.1:19955] for POST '/session/1cef1f2d6cb966aa7089c41de076584b/element/4a97843a-79dd-4b88-93ff-17436cf5dbb2/click'
[DEBUG] 

Request DefaultHttpRequest(decodeResult: success, version: HTTP/1.1)
POST /session/1cef1f2d6cb966aa7089c41de076584b/element/4a97843a-79dd-4b88-93ff-17436cf5dbb2/click HTTP/1.1
User-Agent: selenium/4.6.0 (java windows)
Content-Length: 50
Content-Type: application/json; charset=utf-8
host: localhost:19955
accept: */*

Response DefaultHttpResponse(decodeResult: success, version: HTTP/1.1)
HTTP/1.1 200 OK
Content-Type: application/json; charset=utf-8
cache-control: no-cache
content-length: 14

[DEBUG] Adding key: http://localhost:19955 for channel [id: 0x492cf9d5, L:/127.0.0.1:57143 - R:localhost/127.0.0.1:19955]
[INFO ] 2023-01-31 13:33:17.598 [main] StepDef - customer Information has been filled  succesfully
[DEBUG] Using pooled Channel '[id: 0x492cf9d5, L:/127.0.0.1:57143 - R:localhost/127.0.0.1:19955]' for 'POST' to 'http://localhost:19955/session/1cef1f2d6cb966aa7089c41de076584b/element'
[DEBUG] Using open Channel [id: 0x492cf9d5, L:/127.0.0.1:57143 - R:localhost/127.0.0.1:19955] for POST '/session/1cef1f2d6cb966aa7089c41de076584b/element'
[DEBUG] 

Request DefaultHttpRequest(decodeResult: success, version: HTTP/1.1)
POST /session/1cef1f2d6cb966aa7089c41de076584b/element HTTP/1.1
User-Agent: selenium/4.6.0 (java windows)
Content-Length: 69
Content-Type: application/json; charset=utf-8
host: localhost:19955
accept: */*

Response DefaultHttpResponse(decodeResult: success, version: HTTP/1.1)
HTTP/1.1 200 OK
Content-Type: application/json; charset=utf-8
cache-control: no-cache
content-length: 88

[DEBUG] Adding key: http://localhost:19955 for channel [id: 0x492cf9d5, L:/127.0.0.1:57143 - R:localhost/127.0.0.1:19955]
[DEBUG] Using pooled Channel '[id: 0x492cf9d5, L:/127.0.0.1:57143 - R:localhost/127.0.0.1:19955]' for 'POST' to 'http://localhost:19955/session/1cef1f2d6cb966aa7089c41de076584b/element/8ab5594c-1fd0-42cd-933d-71950cf2692e/click'
[DEBUG] Using open Channel [id: 0x492cf9d5, L:/127.0.0.1:57143 - R:localhost/127.0.0.1:19955] for POST '/session/1cef1f2d6cb966aa7089c41de076584b/element/8ab5594c-1fd0-42cd-933d-71950cf2692e/click'
[DEBUG] Entry count for : http://localhost:57145 : 1
[DEBUG] Entry count for : http://localhost:57145 : 1
[DEBUG] 

Request DefaultHttpRequest(decodeResult: success, version: HTTP/1.1)
POST /session/1cef1f2d6cb966aa7089c41de076584b/element/8ab5594c-1fd0-42cd-933d-71950cf2692e/click HTTP/1.1
User-Agent: selenium/4.6.0 (java windows)
Content-Length: 50
Content-Type: application/json; charset=utf-8
host: localhost:19955
accept: */*

Response DefaultHttpResponse(decodeResult: success, version: HTTP/1.1)
HTTP/1.1 200 OK
Content-Type: application/json; charset=utf-8
cache-control: no-cache
content-length: 14

[DEBUG] Adding key: http://localhost:19955 for channel [id: 0x492cf9d5, L:/127.0.0.1:57143 - R:localhost/127.0.0.1:19955]
[INFO ] 2023-01-31 13:33:20.201 [main] StepDef - CLicked on Save Btn succesfully
[DEBUG] Using pooled Channel '[id: 0x492cf9d5, L:/127.0.0.1:57143 - R:localhost/127.0.0.1:19955]' for 'POST' to 'http://localhost:19955/session/1cef1f2d6cb966aa7089c41de076584b/element'
[DEBUG] Using open Channel [id: 0x492cf9d5, L:/127.0.0.1:57143 - R:localhost/127.0.0.1:19955] for POST '/session/1cef1f2d6cb966aa7089c41de076584b/element'
[DEBUG] 

Request DefaultHttpRequest(decodeResult: success, version: HTTP/1.1)
POST /session/1cef1f2d6cb966aa7089c41de076584b/element HTTP/1.1
User-Agent: selenium/4.6.0 (java windows)
Content-Length: 44
Content-Type: application/json; charset=utf-8
host: localhost:19955
accept: */*

Response DefaultHttpResponse(decodeResult: success, version: HTTP/1.1)
HTTP/1.1 200 OK
Content-Type: application/json; charset=utf-8
cache-control: no-cache
content-length: 88

[DEBUG] Adding key: http://localhost:19955 for channel [id: 0x492cf9d5, L:/127.0.0.1:57143 - R:localhost/127.0.0.1:19955]
[DEBUG] Using pooled Channel '[id: 0x492cf9d5, L:/127.0.0.1:57143 - R:localhost/127.0.0.1:19955]' for 'GET' to 'http://localhost:19955/session/1cef1f2d6cb966aa7089c41de076584b/element/3d3b59ba-8d3a-4524-b068-85c835c18644/text'
[DEBUG] Using open Channel [id: 0x492cf9d5, L:/127.0.0.1:57143 - R:localhost/127.0.0.1:19955] for GET '/session/1cef1f2d6cb966aa7089c41de076584b/element/3d3b59ba-8d3a-4524-b068-85c835c18644/text'
[DEBUG] 

Request DefaultFullHttpRequest(decodeResult: success, version: HTTP/1.1, content: EmptyByteBufBE)
GET /session/1cef1f2d6cb966aa7089c41de076584b/element/3d3b59ba-8d3a-4524-b068-85c835c18644/text HTTP/1.1
User-Agent: selenium/4.6.0 (java windows)
Cache-Control: no-cache
Content-Type: application/json; charset=utf-8
host: localhost:19955
accept: */*

Response DefaultHttpResponse(decodeResult: success, version: HTTP/1.1)
HTTP/1.1 200 OK
Content-Type: application/json; charset=utf-8
cache-control: no-cache
content-length: 1311

[DEBUG] Adding key: http://localhost:19955 for channel [id: 0x492cf9d5, L:/127.0.0.1:57143 - R:localhost/127.0.0.1:19955]
User has not created new account because details were wrong
[INFO ] 2023-01-31 13:33:20.619 [main] StepDef - "User has not created new account because details were wrong"
[DEBUG] Using pooled Channel '[id: 0x492cf9d5, L:/127.0.0.1:57143 - R:localhost/127.0.0.1:19955]' for 'DELETE' to 'http://localhost:19955/session/1cef1f2d6cb966aa7089c41de076584b/window'
[DEBUG] Using open Channel [id: 0x492cf9d5, L:/127.0.0.1:57143 - R:localhost/127.0.0.1:19955] for DELETE '/session/1cef1f2d6cb966aa7089c41de076584b/window'
[DEBUG] Entry count for : http://localhost:57145 : 1
[DEBUG] Unexpected I/O exception on channel [id: 0xf9556417, L:/127.0.0.1:57154 - R:localhost/127.0.0.1:57145]
java.io.IOException: An existing connection was forcibly closed by the remote host
	at sun.nio.ch.SocketDispatcher.read0(Native Method) ~[na:1.8.0_202]
	at sun.nio.ch.SocketDispatcher.read(SocketDispatcher.java:43) ~[na:1.8.0_202]
	at sun.nio.ch.IOUtil.readIntoNativeBuffer(IOUtil.java:223) ~[na:1.8.0_202]
	at sun.nio.ch.IOUtil.read(IOUtil.java:192) ~[na:1.8.0_202]
	at sun.nio.ch.SocketChannelImpl.read(SocketChannelImpl.java:380) ~[na:1.8.0_202]
	at io.netty.buffer.PooledByteBuf.setBytes(PooledByteBuf.java:259) ~[netty-buffer-4.1.84.Final.jar:4.1.84.Final]
	at io.netty.buffer.AbstractByteBuf.writeBytes(AbstractByteBuf.java:1132) ~[netty-buffer-4.1.84.Final.jar:4.1.84.Final]
	at io.netty.channel.socket.nio.NioSocketChannel.doReadBytes(NioSocketChannel.java:357) ~[netty-transport-4.1.84.Final.jar:4.1.84.Final]
	at io.netty.channel.nio.AbstractNioByteChannel$NioByteUnsafe.read(AbstractNioByteChannel.java:151) ~[netty-transport-4.1.84.Final.jar:4.1.84.Final]
	at io.netty.channel.nio.NioEventLoop.processSelectedKey(NioEventLoop.java:788) [netty-transport-4.1.84.Final.jar:4.1.84.Final]
	at io.netty.channel.nio.NioEventLoop.processSelectedKeysOptimized(NioEventLoop.java:724) [netty-transport-4.1.84.Final.jar:4.1.84.Final]
	at io.netty.channel.nio.NioEventLoop.processSelectedKeys(NioEventLoop.java:650) [netty-transport-4.1.84.Final.jar:4.1.84.Final]
	at io.netty.channel.nio.NioEventLoop.run(NioEventLoop.java:562) [netty-transport-4.1.84.Final.jar:4.1.84.Final]
	at io.netty.util.concurrent.SingleThreadEventExecutor$4.run(SingleThreadEventExecutor.java:997) [netty-common-4.1.84.Final.jar:4.1.84.Final]
	at io.netty.util.internal.ThreadExecutorMap$2.run(ThreadExecutorMap.java:74) [netty-common-4.1.84.Final.jar:4.1.84.Final]
	at io.netty.util.concurrent.FastThreadLocalRunnable.run(FastThreadLocalRunnable.java:30) [netty-common-4.1.84.Final.jar:4.1.84.Final]
	at java.lang.Thread.run(Thread.java:748) [na:1.8.0_202]
[DEBUG] Unexpected I/O exception on channel [id: 0x87a2bc0d, L:/127.0.0.1:57152 - R:localhost/127.0.0.1:57145]
java.io.IOException: An existing connection was forcibly closed by the remote host
	at sun.nio.ch.SocketDispatcher.read0(Native Method) ~[na:1.8.0_202]
	at sun.nio.ch.SocketDispatcher.read(SocketDispatcher.java:43) ~[na:1.8.0_202]
	at sun.nio.ch.IOUtil.readIntoNativeBuffer(IOUtil.java:223) ~[na:1.8.0_202]
	at sun.nio.ch.IOUtil.read(IOUtil.java:192) ~[na:1.8.0_202]
	at sun.nio.ch.SocketChannelImpl.read(SocketChannelImpl.java:380) ~[na:1.8.0_202]
	at io.netty.buffer.PooledByteBuf.setBytes(PooledByteBuf.java:259) ~[netty-buffer-4.1.84.Final.jar:4.1.84.Final]
	at io.netty.buffer.AbstractByteBuf.writeBytes(AbstractByteBuf.java:1132) ~[netty-buffer-4.1.84.Final.jar:4.1.84.Final]
	at io.netty.channel.socket.nio.NioSocketChannel.doReadBytes(NioSocketChannel.java:357) ~[netty-transport-4.1.84.Final.jar:4.1.84.Final]
	at io.netty.channel.nio.AbstractNioByteChannel$NioByteUnsafe.read(AbstractNioByteChannel.java:151) ~[netty-transport-4.1.84.Final.jar:4.1.84.Final]
	at io.netty.channel.nio.NioEventLoop.processSelectedKey(NioEventLoop.java:788) [netty-transport-4.1.84.Final.jar:4.1.84.Final]
	at io.netty.channel.nio.NioEventLoop.processSelectedKeysOptimized(NioEventLoop.java:724) [netty-transport-4.1.84.Final.jar:4.1.84.Final]
	at io.netty.channel.nio.NioEventLoop.processSelectedKeys(NioEventLoop.java:650) [netty-transport-4.1.84.Final.jar:4.1.84.Final]
	at io.netty.channel.nio.NioEventLoop.run(NioEventLoop.java:562) [netty-transport-4.1.84.Final.jar:4.1.84.Final]
	at io.netty.util.concurrent.SingleThreadEventExecutor$4.run(SingleThreadEventExecutor.java:997) [netty-common-4.1.84.Final.jar:4.1.84.Final]
	at io.netty.util.internal.ThreadExecutorMap$2.run(ThreadExecutorMap.java:74) [netty-common-4.1.84.Final.jar:4.1.84.Final]
	at io.netty.util.concurrent.FastThreadLocalRunnable.run(FastThreadLocalRunnable.java:30) [netty-common-4.1.84.Final.jar:4.1.84.Final]
	at java.lang.Thread.run(Thread.java:748) [na:1.8.0_202]
[DEBUG] Closing Channel [id: 0x87a2bc0d, L:/127.0.0.1:57152 - R:localhost/127.0.0.1:57145] 
[DEBUG] Trying to recover from dead Channel: [id: 0xf9556417, L:/127.0.0.1:57154 - R:localhost/127.0.0.1:57145]
[DEBUG] Channel Closed: [id: 0xf9556417, L:/127.0.0.1:57154 ! R:localhost/127.0.0.1:57145] with attribute NettyResponseFuture{currentRetry=0,
	isDone=1,
	isCancelled=0,
	asyncHandler=org.asynchttpclient.ws.WebSocketUpgradeHandler@18caae26,
	nettyRequest=org.asynchttpclient.netty.request.NettyRequest@6693bf5b,
	future=java.util.concurrent.CompletableFuture@3b933e3d[Completed normally],
	uri=ws://localhost:57145/devtools/browser/da1d9451-694e-4f01-921b-f206588080d7,
	keepAlive=true,
	redirectCount=0,
	timeoutsHolder=null,
	inAuth=0,
	touch=1675152200793}
[DEBUG] Closing Channel [id: 0xf9556417, L:/127.0.0.1:57154 ! R:localhost/127.0.0.1:57145] 
[DEBUG] Channel Closed: [id: 0x87a2bc0d, L:/127.0.0.1:57152 ! R:localhost/127.0.0.1:57145] with attribute DISCARD
[DEBUG] 

Request DefaultFullHttpRequest(decodeResult: success, version: HTTP/1.1, content: EmptyByteBufBE)
DELETE /session/1cef1f2d6cb966aa7089c41de076584b/window HTTP/1.1
User-Agent: selenium/4.6.0 (java windows)
Content-Type: application/json; charset=utf-8
host: localhost:19955
accept: */*

Response DefaultHttpResponse(decodeResult: success, version: HTTP/1.1)
HTTP/1.1 200 OK
Content-Type: application/json; charset=utf-8
cache-control: no-cache
content-length: 12

[DEBUG] Adding key: http://localhost:19955 for channel [id: 0x492cf9d5, L:/127.0.0.1:57143 - R:localhost/127.0.0.1:19955]
[INFO ] 2023-01-31 13:33:20.813 [main] StepDef - Browser has been closed succesfully
]]></system-out>
    <system-err><![CDATA[Starting ChromeDriver 109.0.5414.74 (e7c5703604daa9cc128ccf5a5d3e993513758913-refs/branch-heads/5414@{#1172}) on port 19955
Only local connections are allowed.
Please see https://chromedriver.chromium.org/security-considerations for suggestions on keeping ChromeDriver safe.
ChromeDriver was started successfully.
Jan 31, 2023 1:32:55 PM org.openqa.selenium.devtools.CdpVersionFinder findNearestMatch
WARNING: Unable to find an exact match for CDP version 109, so returning the closest version found: 107
]]></system-err>
  </testcase>
  <testcase name="runScenario[&quot;Search By Email ID&quot;, &quot;AddNewCustomer&quot;](2)" classname="testRunner.Run" time="22.099">
    <failure message="element not interactable&#10;  (Session info: chrome=109.0.5414.120)&#10;Build info: version: &apos;4.6.0&apos;, revision: &apos;79f1c02ae20&apos;&#10;System info: os.name: &apos;Windows 10&apos;, os.arch: &apos;amd64&apos;, os.version: &apos;10.0&apos;, java.version: &apos;1.8.0_202&apos;&#10;Driver info: org.openqa.selenium.chrome.ChromeDriver&#10;Command: [db2850b623f9611616f7712f672fd480, sendKeysToElement {id=9beb4ecb-b793-4876-ac91-df159bdcb904, value=[Ljava.lang.CharSequence;@4d9754a8}]&#10;Capabilities {acceptInsecureCerts: false, browserName: chrome, browserVersion: 109.0.5414.120, chrome: {chromedriverVersion: 109.0.5414.74 (e7c5703604da..., userDataDir: C:\Users\dell\AppData\Local...}, goog:chromeOptions: {debuggerAddress: localhost:57169}, networkConnectionEnabled: false, pageLoadStrategy: normal, platformName: WINDOWS, proxy: Proxy(), se:cdp: ws://localhost:57169/devtoo..., se:cdpVersion: 109.0.5414.120, setWindowRect: true, strictFileInteractability: false, timeouts: {implicit: 0, pageLoad: 300000, script: 30000}, unhandledPromptBehavior: dismiss and notify, webauthn:extension:credBlob: true, webauthn:extension:largeBlob: true, webauthn:virtualAuthenticators: true}&#10;Element: [[ChromeDriver: chrome on WINDOWS (db2850b623f9611616f7712f672fd480)] -&gt; id: SearchEmail]&#10;Session ID: db2850b623f9611616f7712f672fd480" type="org.openqa.selenium.ElementNotInteractableException"><![CDATA[org.openqa.selenium.ElementNotInteractableException: 
element not interactable
  (Session info: chrome=109.0.5414.120)
Build info: version: '4.6.0', revision: '79f1c02ae20'
System info: os.name: 'Windows 10', os.arch: 'amd64', os.version: '10.0', java.version: '1.8.0_202'
Driver info: org.openqa.selenium.chrome.ChromeDriver
Command: [db2850b623f9611616f7712f672fd480, sendKeysToElement {id=9beb4ecb-b793-4876-ac91-df159bdcb904, value=[Ljava.lang.CharSequence;@4d9754a8}]
Capabilities {acceptInsecureCerts: false, browserName: chrome, browserVersion: 109.0.5414.120, chrome: {chromedriverVersion: 109.0.5414.74 (e7c5703604da..., userDataDir: C:\Users\dell\AppData\Local...}, goog:chromeOptions: {debuggerAddress: localhost:57169}, networkConnectionEnabled: false, pageLoadStrategy: normal, platformName: WINDOWS, proxy: Proxy(), se:cdp: ws://localhost:57169/devtoo..., se:cdpVersion: 109.0.5414.120, setWindowRect: true, strictFileInteractability: false, timeouts: {implicit: 0, pageLoad: 300000, script: 30000}, unhandledPromptBehavior: dismiss and notify, webauthn:extension:credBlob: true, webauthn:extension:largeBlob: true, webauthn:virtualAuthenticators: true}
Element: [[ChromeDriver: chrome on WINDOWS (db2850b623f9611616f7712f672fd480)] -> id: SearchEmail]
Session ID: db2850b623f9611616f7712f672fd480
	at sun.reflect.NativeConstructorAccessorImpl.newInstance0(Native Method)
	at sun.reflect.NativeConstructorAccessorImpl.newInstance(NativeConstructorAccessorImpl.java:62)
	at sun.reflect.DelegatingConstructorAccessorImpl.newInstance(DelegatingConstructorAccessorImpl.java:45)
	at java.lang.reflect.Constructor.newInstance(Constructor.java:423)
	at org.openqa.selenium.remote.codec.w3c.W3CHttpResponseCodec.createException(W3CHttpResponseCodec.java:200)
	at org.openqa.selenium.remote.codec.w3c.W3CHttpResponseCodec.decode(W3CHttpResponseCodec.java:133)
	at org.openqa.selenium.remote.codec.w3c.W3CHttpResponseCodec.decode(W3CHttpResponseCodec.java:53)
	at org.openqa.selenium.remote.HttpCommandExecutor.execute(HttpCommandExecutor.java:184)
	at org.openqa.selenium.remote.service.DriverCommandExecutor.invokeExecute(DriverCommandExecutor.java:167)
	at org.openqa.selenium.remote.service.DriverCommandExecutor.execute(DriverCommandExecutor.java:142)
	at org.openqa.selenium.remote.RemoteWebDriver.execute(RemoteWebDriver.java:541)
	at org.openqa.selenium.remote.RemoteWebElement.execute(RemoteWebElement.java:257)
	at org.openqa.selenium.remote.RemoteWebElement.sendKeys(RemoteWebElement.java:113)
	at sun.reflect.NativeMethodAccessorImpl.invoke0(Native Method)
	at sun.reflect.NativeMethodAccessorImpl.invoke(NativeMethodAccessorImpl.java:62)
	at sun.reflect.DelegatingMethodAccessorImpl.invoke(DelegatingMethodAccessorImpl.java:43)
	at java.lang.reflect.Method.invoke(Method.java:498)
	at org.openqa.selenium.support.pagefactory.internal.LocatingElementHandler.invoke(LocatingElementHandler.java:52)
	at com.sun.proxy.$Proxy39.sendKeys(Unknown Source)
	at pageObject.SearchCustomerPage.EnterEmaiAdd(SearchCustomerPage.java:28)
	at stepDefinition.StepDef.enter_customer_email(StepDef.java:213)
	at ✽.Enter customer Email(file:///D:/new%20projects/BDDCucumber/Features/AddNewcustomer.feature:22)
]]></failure>
    <system-out><![CDATA[[DEBUG] Resolution chrome=109 in cache (valid until 14:07:32 31/01/2023 IST)
[DEBUG] Resolution chrome109=109.0.5414.74 in cache (valid until 18:22:56 31/01/2023 IST)
[INFO] Using chromedriver 109.0.5414.74 (resolved driver for Chrome 109)
[DEBUG] Driver chromedriver 109.0.5414.74 found in cache
[INFO] Exporting webdriver.chrome.driver as C:\Users\dell\.cache\selenium\chromedriver\win32\109.0.5414.74\chromedriver.exe
[DEBUG] Using new Channel '[id: 0x1697e3e0, L:/127.0.0.1:57168 - R:localhost/127.0.0.1:18354]' for 'POST' to '/session'
[DEBUG] Entry count for : http://localhost:19955 : 1
[DEBUG] Entry count for : http://localhost:57145 : 1
[DEBUG] Adding Candidate expired Channel [id: 0x87a2bc0d, L:/127.0.0.1:57152 ! R:localhost/127.0.0.1:57145] isIdleTimeoutExpired=false isRemotelyClosed=true isTtlExpired=false
[DEBUG] Closing Idle Channel [id: 0x87a2bc0d, L:/127.0.0.1:57152 ! R:localhost/127.0.0.1:57145]
[DEBUG] Closed 1 connections out of 2 in 0 ms
[DEBUG] 

Request DefaultHttpRequest(decodeResult: success, version: HTTP/1.1)
POST /session HTTP/1.1
User-Agent: selenium/4.6.0 (java windows)
Content-Length: 365
Content-Type: application/json; charset=utf-8
host: localhost:18354
accept: */*

Response DefaultHttpResponse(decodeResult: success, version: HTTP/1.1)
HTTP/1.1 200 OK
Content-Type: application/json; charset=utf-8
cache-control: no-cache
content-length: 791

[DEBUG] Adding key: http://localhost:18354 for channel [id: 0x1697e3e0, L:/127.0.0.1:57168 - R:localhost/127.0.0.1:18354]
[DEBUG] Using new Channel '[id: 0x9b65f2f1, L:/127.0.0.1:57174 - R:localhost/127.0.0.1:57169]' for 'GET' to '/json/version'
[DEBUG] 

Request DefaultFullHttpRequest(decodeResult: success, version: HTTP/1.1, content: EmptyByteBufBE)
GET /json/version HTTP/1.1
User-Agent: selenium/4.6.0 (java windows)
host: localhost:57169
accept: */*

Response DefaultHttpResponse(decodeResult: success, version: HTTP/1.1)
HTTP/1.1 200 OK
Content-Type: application/json; charset=UTF-8
content-length: 424

[DEBUG] Adding key: http://localhost:57169 for channel [id: 0x9b65f2f1, L:/127.0.0.1:57174 - R:localhost/127.0.0.1:57169]
[DEBUG] Using new Channel '[id: 0x88e8b3ed, L:/127.0.0.1:57175 - R:localhost/127.0.0.1:57169]' for 'GET' to '/devtools/browser/cd72401f-3428-4c47-8807-0e456018fc83'
[DEBUG] 

Request DefaultFullHttpRequest(decodeResult: success, version: HTTP/1.1, content: EmptyByteBufBE)
GET /devtools/browser/cd72401f-3428-4c47-8807-0e456018fc83 HTTP/1.1
upgrade: websocket
connection: upgrade
sec-websocket-key: ZqamJstCRwZsG+cdGI1tPw==
sec-websocket-version: 13
origin: http://localhost:57169
host: localhost:57169
accept: */*
user-agent: AHC/2.1

Response DefaultHttpResponse(decodeResult: success, version: HTTP/1.1)
HTTP/1.1 101 WebSocket Protocol Handshake
Upgrade: WebSocket
Connection: Upgrade
Sec-WebSocket-Accept: AGZMZaGe24cpHpo5MlTd7toRs2I=

[INFO ] 2023-01-31 13:33:22.474 [main] StepDef - Browser has been launched 
[DEBUG] Using pooled Channel '[id: 0x1697e3e0, L:/127.0.0.1:57168 - R:localhost/127.0.0.1:18354]' for 'POST' to 'http://localhost:18354/session/db2850b623f9611616f7712f672fd480/url'
[DEBUG] Using open Channel [id: 0x1697e3e0, L:/127.0.0.1:57168 - R:localhost/127.0.0.1:18354] for POST '/session/db2850b623f9611616f7712f672fd480/url'
[DEBUG] Entry count for : http://localhost:19955 : 1
[DEBUG] Entry count for : http://localhost:57169 : 1
[DEBUG] Entry count for : http://localhost:19955 : 1
[DEBUG] Entry count for : http://localhost:57169 : 1
[DEBUG] Entry count for : http://localhost:19955 : 1
[DEBUG] Entry count for : http://localhost:57169 : 1
[DEBUG] Entry count for : http://localhost:19955 : 1
[DEBUG] Entry count for : http://localhost:57169 : 1
[DEBUG] 

Request DefaultHttpRequest(decodeResult: success, version: HTTP/1.1)
POST /session/db2850b623f9611616f7712f672fd480/url HTTP/1.1
User-Agent: selenium/4.6.0 (java windows)
Content-Length: 69
Content-Type: application/json; charset=utf-8
host: localhost:18354
accept: */*

Response DefaultHttpResponse(decodeResult: success, version: HTTP/1.1)
HTTP/1.1 200 OK
Content-Type: application/json; charset=utf-8
cache-control: no-cache
content-length: 14

[DEBUG] Adding key: http://localhost:18354 for channel [id: 0x1697e3e0, L:/127.0.0.1:57168 - R:localhost/127.0.0.1:18354]
[INFO ] 2023-01-31 13:33:27.374 [main] StepDef - URL has been hitted succesfullyhttp://admin-demo.nopcommerce.com/login
[DEBUG] Using pooled Channel '[id: 0x1697e3e0, L:/127.0.0.1:57168 - R:localhost/127.0.0.1:18354]' for 'POST' to 'http://localhost:18354/session/db2850b623f9611616f7712f672fd480/element'
[DEBUG] Using open Channel [id: 0x1697e3e0, L:/127.0.0.1:57168 - R:localhost/127.0.0.1:18354] for POST '/session/db2850b623f9611616f7712f672fd480/element'
[DEBUG] Entry count for : http://localhost:19955 : 1
[DEBUG] Entry count for : http://localhost:57169 : 1
[DEBUG] 

Request DefaultHttpRequest(decodeResult: success, version: HTTP/1.1)
POST /session/db2850b623f9611616f7712f672fd480/element HTTP/1.1
User-Agent: selenium/4.6.0 (java windows)
Content-Length: 50
Content-Type: application/json; charset=utf-8
host: localhost:18354
accept: */*

Response DefaultHttpResponse(decodeResult: success, version: HTTP/1.1)
HTTP/1.1 200 OK
Content-Type: application/json; charset=utf-8
cache-control: no-cache
content-length: 88

[DEBUG] Adding key: http://localhost:18354 for channel [id: 0x1697e3e0, L:/127.0.0.1:57168 - R:localhost/127.0.0.1:18354]
[DEBUG] Using pooled Channel '[id: 0x1697e3e0, L:/127.0.0.1:57168 - R:localhost/127.0.0.1:18354]' for 'POST' to 'http://localhost:18354/session/db2850b623f9611616f7712f672fd480/element/a63d86b4-2feb-4471-85e1-b73988a3cdd9/clear'
[DEBUG] Using open Channel [id: 0x1697e3e0, L:/127.0.0.1:57168 - R:localhost/127.0.0.1:18354] for POST '/session/db2850b623f9611616f7712f672fd480/element/a63d86b4-2feb-4471-85e1-b73988a3cdd9/clear'
[DEBUG] 

Request DefaultHttpRequest(decodeResult: success, version: HTTP/1.1)
POST /session/db2850b623f9611616f7712f672fd480/element/a63d86b4-2feb-4471-85e1-b73988a3cdd9/clear HTTP/1.1
User-Agent: selenium/4.6.0 (java windows)
Content-Length: 50
Content-Type: application/json; charset=utf-8
host: localhost:18354
accept: */*

Response DefaultHttpResponse(decodeResult: success, version: HTTP/1.1)
HTTP/1.1 200 OK
Content-Type: application/json; charset=utf-8
cache-control: no-cache
content-length: 14

[DEBUG] Adding key: http://localhost:18354 for channel [id: 0x1697e3e0, L:/127.0.0.1:57168 - R:localhost/127.0.0.1:18354]
[DEBUG] Using pooled Channel '[id: 0x1697e3e0, L:/127.0.0.1:57168 - R:localhost/127.0.0.1:18354]' for 'POST' to 'http://localhost:18354/session/db2850b623f9611616f7712f672fd480/element'
[DEBUG] Using open Channel [id: 0x1697e3e0, L:/127.0.0.1:57168 - R:localhost/127.0.0.1:18354] for POST '/session/db2850b623f9611616f7712f672fd480/element'
[DEBUG] 

Request DefaultHttpRequest(decodeResult: success, version: HTTP/1.1)
POST /session/db2850b623f9611616f7712f672fd480/element HTTP/1.1
User-Agent: selenium/4.6.0 (java windows)
Content-Length: 50
Content-Type: application/json; charset=utf-8
host: localhost:18354
accept: */*

Response DefaultHttpResponse(decodeResult: success, version: HTTP/1.1)
HTTP/1.1 200 OK
Content-Type: application/json; charset=utf-8
cache-control: no-cache
content-length: 88

[DEBUG] Adding key: http://localhost:18354 for channel [id: 0x1697e3e0, L:/127.0.0.1:57168 - R:localhost/127.0.0.1:18354]
[DEBUG] Using pooled Channel '[id: 0x1697e3e0, L:/127.0.0.1:57168 - R:localhost/127.0.0.1:18354]' for 'POST' to 'http://localhost:18354/session/db2850b623f9611616f7712f672fd480/element/a63d86b4-2feb-4471-85e1-b73988a3cdd9/value'
[DEBUG] Using open Channel [id: 0x1697e3e0, L:/127.0.0.1:57168 - R:localhost/127.0.0.1:18354] for POST '/session/db2850b623f9611616f7712f672fd480/element/a63d86b4-2feb-4471-85e1-b73988a3cdd9/value'
[DEBUG] 

Request DefaultHttpRequest(decodeResult: success, version: HTTP/1.1)
POST /session/db2850b623f9611616f7712f672fd480/element/a63d86b4-2feb-4471-85e1-b73988a3cdd9/value HTTP/1.1
User-Agent: selenium/4.6.0 (java windows)
Content-Length: 271
Content-Type: application/json; charset=utf-8
host: localhost:18354
accept: */*

Response DefaultHttpResponse(decodeResult: success, version: HTTP/1.1)
HTTP/1.1 200 OK
Content-Type: application/json; charset=utf-8
cache-control: no-cache
content-length: 14

[DEBUG] Adding key: http://localhost:18354 for channel [id: 0x1697e3e0, L:/127.0.0.1:57168 - R:localhost/127.0.0.1:18354]
[INFO ] 2023-01-31 13:33:27.544 [main] StepDef - Email Entered succesfully 
[DEBUG] Using pooled Channel '[id: 0x1697e3e0, L:/127.0.0.1:57168 - R:localhost/127.0.0.1:18354]' for 'POST' to 'http://localhost:18354/session/db2850b623f9611616f7712f672fd480/element'
[DEBUG] Using open Channel [id: 0x1697e3e0, L:/127.0.0.1:57168 - R:localhost/127.0.0.1:18354] for POST '/session/db2850b623f9611616f7712f672fd480/element'
[DEBUG] 

Request DefaultHttpRequest(decodeResult: success, version: HTTP/1.1)
POST /session/db2850b623f9611616f7712f672fd480/element HTTP/1.1
User-Agent: selenium/4.6.0 (java windows)
Content-Length: 53
Content-Type: application/json; charset=utf-8
host: localhost:18354
accept: */*

Response DefaultHttpResponse(decodeResult: success, version: HTTP/1.1)
HTTP/1.1 200 OK
Content-Type: application/json; charset=utf-8
cache-control: no-cache
content-length: 88

[DEBUG] Adding key: http://localhost:18354 for channel [id: 0x1697e3e0, L:/127.0.0.1:57168 - R:localhost/127.0.0.1:18354]
[DEBUG] Using pooled Channel '[id: 0x1697e3e0, L:/127.0.0.1:57168 - R:localhost/127.0.0.1:18354]' for 'POST' to 'http://localhost:18354/session/db2850b623f9611616f7712f672fd480/element/fafa6093-b8df-497e-b6d4-742c88a08ad7/clear'
[DEBUG] Using open Channel [id: 0x1697e3e0, L:/127.0.0.1:57168 - R:localhost/127.0.0.1:18354] for POST '/session/db2850b623f9611616f7712f672fd480/element/fafa6093-b8df-497e-b6d4-742c88a08ad7/clear'
[DEBUG] 

Request DefaultHttpRequest(decodeResult: success, version: HTTP/1.1)
POST /session/db2850b623f9611616f7712f672fd480/element/fafa6093-b8df-497e-b6d4-742c88a08ad7/clear HTTP/1.1
User-Agent: selenium/4.6.0 (java windows)
Content-Length: 50
Content-Type: application/json; charset=utf-8
host: localhost:18354
accept: */*

Response DefaultHttpResponse(decodeResult: success, version: HTTP/1.1)
HTTP/1.1 200 OK
Content-Type: application/json; charset=utf-8
cache-control: no-cache
content-length: 14

[DEBUG] Adding key: http://localhost:18354 for channel [id: 0x1697e3e0, L:/127.0.0.1:57168 - R:localhost/127.0.0.1:18354]
[DEBUG] Using pooled Channel '[id: 0x1697e3e0, L:/127.0.0.1:57168 - R:localhost/127.0.0.1:18354]' for 'POST' to 'http://localhost:18354/session/db2850b623f9611616f7712f672fd480/element'
[DEBUG] Using open Channel [id: 0x1697e3e0, L:/127.0.0.1:57168 - R:localhost/127.0.0.1:18354] for POST '/session/db2850b623f9611616f7712f672fd480/element'
[DEBUG] 

Request DefaultHttpRequest(decodeResult: success, version: HTTP/1.1)
POST /session/db2850b623f9611616f7712f672fd480/element HTTP/1.1
User-Agent: selenium/4.6.0 (java windows)
Content-Length: 53
Content-Type: application/json; charset=utf-8
host: localhost:18354
accept: */*

Response DefaultHttpResponse(decodeResult: success, version: HTTP/1.1)
HTTP/1.1 200 OK
Content-Type: application/json; charset=utf-8
cache-control: no-cache
content-length: 88

[DEBUG] Adding key: http://localhost:18354 for channel [id: 0x1697e3e0, L:/127.0.0.1:57168 - R:localhost/127.0.0.1:18354]
[DEBUG] Using pooled Channel '[id: 0x1697e3e0, L:/127.0.0.1:57168 - R:localhost/127.0.0.1:18354]' for 'POST' to 'http://localhost:18354/session/db2850b623f9611616f7712f672fd480/element/fafa6093-b8df-497e-b6d4-742c88a08ad7/value'
[DEBUG] Using open Channel [id: 0x1697e3e0, L:/127.0.0.1:57168 - R:localhost/127.0.0.1:18354] for POST '/session/db2850b623f9611616f7712f672fd480/element/fafa6093-b8df-497e-b6d4-742c88a08ad7/value'
[DEBUG] 

Request DefaultHttpRequest(decodeResult: success, version: HTTP/1.1)
POST /session/db2850b623f9611616f7712f672fd480/element/fafa6093-b8df-497e-b6d4-742c88a08ad7/value HTTP/1.1
User-Agent: selenium/4.6.0 (java windows)
Content-Length: 131
Content-Type: application/json; charset=utf-8
host: localhost:18354
accept: */*

Response DefaultHttpResponse(decodeResult: success, version: HTTP/1.1)
HTTP/1.1 200 OK
Content-Type: application/json; charset=utf-8
cache-control: no-cache
content-length: 14

[DEBUG] Adding key: http://localhost:18354 for channel [id: 0x1697e3e0, L:/127.0.0.1:57168 - R:localhost/127.0.0.1:18354]
[INFO ] 2023-01-31 13:33:27.702 [main] StepDef - Password  Entered succesfully 
[DEBUG] Using pooled Channel '[id: 0x1697e3e0, L:/127.0.0.1:57168 - R:localhost/127.0.0.1:18354]' for 'POST' to 'http://localhost:18354/session/db2850b623f9611616f7712f672fd480/element'
[DEBUG] Using open Channel [id: 0x1697e3e0, L:/127.0.0.1:57168 - R:localhost/127.0.0.1:18354] for POST '/session/db2850b623f9611616f7712f672fd480/element'
[DEBUG] 

Request DefaultHttpRequest(decodeResult: success, version: HTTP/1.1)
POST /session/db2850b623f9611616f7712f672fd480/element HTTP/1.1
User-Agent: selenium/4.6.0 (java windows)
Content-Length: 71
Content-Type: application/json; charset=utf-8
host: localhost:18354
accept: */*

Response DefaultHttpResponse(decodeResult: success, version: HTTP/1.1)
HTTP/1.1 200 OK
Content-Type: application/json; charset=utf-8
cache-control: no-cache
content-length: 88

[DEBUG] Adding key: http://localhost:18354 for channel [id: 0x1697e3e0, L:/127.0.0.1:57168 - R:localhost/127.0.0.1:18354]
[DEBUG] Using pooled Channel '[id: 0x1697e3e0, L:/127.0.0.1:57168 - R:localhost/127.0.0.1:18354]' for 'POST' to 'http://localhost:18354/session/db2850b623f9611616f7712f672fd480/element/17b377c6-3653-4007-8f0d-2f99912bb477/click'
[DEBUG] Using open Channel [id: 0x1697e3e0, L:/127.0.0.1:57168 - R:localhost/127.0.0.1:18354] for POST '/session/db2850b623f9611616f7712f672fd480/element/17b377c6-3653-4007-8f0d-2f99912bb477/click'
[DEBUG] Entry count for : http://localhost:19955 : 1
[DEBUG] Entry count for : http://localhost:57169 : 1
[DEBUG] Entry count for : http://localhost:19955 : 1
[DEBUG] Entry count for : http://localhost:57169 : 1
[DEBUG] Entry count for : http://localhost:19955 : 1
[DEBUG] Entry count for : http://localhost:57169 : 1
[DEBUG] Entry count for : http://localhost:19955 : 1
[DEBUG] Entry count for : http://localhost:57169 : 1
[DEBUG] Entry count for : http://localhost:19955 : 1
[DEBUG] Entry count for : http://localhost:57169 : 1
[DEBUG] Entry count for : http://localhost:19955 : 1
[DEBUG] Entry count for : http://localhost:57169 : 1
[DEBUG] Entry count for : http://localhost:19955 : 1
[DEBUG] Entry count for : http://localhost:57169 : 1
[DEBUG] Entry count for : http://localhost:19955 : 1
[DEBUG] Entry count for : http://localhost:57169 : 1
[DEBUG] Entry count for : http://localhost:19955 : 1
[DEBUG] Entry count for : http://localhost:57169 : 1
[DEBUG] Entry count for : http://localhost:19955 : 1
[DEBUG] Entry count for : http://localhost:57169 : 1
[DEBUG] 

Request DefaultHttpRequest(decodeResult: success, version: HTTP/1.1)
POST /session/db2850b623f9611616f7712f672fd480/element/17b377c6-3653-4007-8f0d-2f99912bb477/click HTTP/1.1
User-Agent: selenium/4.6.0 (java windows)
Content-Length: 50
Content-Type: application/json; charset=utf-8
host: localhost:18354
accept: */*

Response DefaultHttpResponse(decodeResult: success, version: HTTP/1.1)
HTTP/1.1 200 OK
Content-Type: application/json; charset=utf-8
cache-control: no-cache
content-length: 14

[DEBUG] Adding key: http://localhost:18354 for channel [id: 0x1697e3e0, L:/127.0.0.1:57168 - R:localhost/127.0.0.1:18354]
[INFO ] 2023-01-31 13:33:38.830 [main] StepDef - Clicked on login Button successfully
[DEBUG] Using pooled Channel '[id: 0x1697e3e0, L:/127.0.0.1:57168 - R:localhost/127.0.0.1:18354]' for 'GET' to 'http://localhost:18354/session/db2850b623f9611616f7712f672fd480/title'
[DEBUG] Using open Channel [id: 0x1697e3e0, L:/127.0.0.1:57168 - R:localhost/127.0.0.1:18354] for GET '/session/db2850b623f9611616f7712f672fd480/title'
[DEBUG] 

Request DefaultFullHttpRequest(decodeResult: success, version: HTTP/1.1, content: EmptyByteBufBE)
GET /session/db2850b623f9611616f7712f672fd480/title HTTP/1.1
User-Agent: selenium/4.6.0 (java windows)
Cache-Control: no-cache
Content-Type: application/json; charset=utf-8
host: localhost:18354
accept: */*

Response DefaultHttpResponse(decodeResult: success, version: HTTP/1.1)
HTTP/1.1 200 OK
Content-Type: application/json; charset=utf-8
cache-control: no-cache
content-length: 50

[DEBUG] Adding key: http://localhost:18354 for channel [id: 0x1697e3e0, L:/127.0.0.1:57168 - R:localhost/127.0.0.1:18354]
[DEBUG] Using pooled Channel '[id: 0x1697e3e0, L:/127.0.0.1:57168 - R:localhost/127.0.0.1:18354]' for 'POST' to 'http://localhost:18354/session/db2850b623f9611616f7712f672fd480/element'
[DEBUG] Using open Channel [id: 0x1697e3e0, L:/127.0.0.1:57168 - R:localhost/127.0.0.1:18354] for POST '/session/db2850b623f9611616f7712f672fd480/element'
[DEBUG] 

Request DefaultHttpRequest(decodeResult: success, version: HTTP/1.1)
POST /session/db2850b623f9611616f7712f672fd480/element HTTP/1.1
User-Agent: selenium/4.6.0 (java windows)
Content-Length: 199
Content-Type: application/json; charset=utf-8
host: localhost:18354
accept: */*

Response DefaultHttpResponse(decodeResult: success, version: HTTP/1.1)
HTTP/1.1 200 OK
Content-Type: application/json; charset=utf-8
cache-control: no-cache
content-length: 88

[DEBUG] Adding key: http://localhost:18354 for channel [id: 0x1697e3e0, L:/127.0.0.1:57168 - R:localhost/127.0.0.1:18354]
[DEBUG] Using pooled Channel '[id: 0x1697e3e0, L:/127.0.0.1:57168 - R:localhost/127.0.0.1:18354]' for 'POST' to 'http://localhost:18354/session/db2850b623f9611616f7712f672fd480/element/cae1d106-0a23-4b25-afbd-e35d0016876b/click'
[DEBUG] Using open Channel [id: 0x1697e3e0, L:/127.0.0.1:57168 - R:localhost/127.0.0.1:18354] for POST '/session/db2850b623f9611616f7712f672fd480/element/cae1d106-0a23-4b25-afbd-e35d0016876b/click'
[DEBUG] 

Request DefaultHttpRequest(decodeResult: success, version: HTTP/1.1)
POST /session/db2850b623f9611616f7712f672fd480/element/cae1d106-0a23-4b25-afbd-e35d0016876b/click HTTP/1.1
User-Agent: selenium/4.6.0 (java windows)
Content-Length: 50
Content-Type: application/json; charset=utf-8
host: localhost:18354
accept: */*

Response DefaultHttpResponse(decodeResult: success, version: HTTP/1.1)
HTTP/1.1 200 OK
Content-Type: application/json; charset=utf-8
cache-control: no-cache
content-length: 14

[DEBUG] Adding key: http://localhost:18354 for channel [id: 0x1697e3e0, L:/127.0.0.1:57168 - R:localhost/127.0.0.1:18354]
[INFO ] 2023-01-31 13:33:38.956 [main] StepDef - clicked on customer menu successfully
[DEBUG] Using pooled Channel '[id: 0x1697e3e0, L:/127.0.0.1:57168 - R:localhost/127.0.0.1:18354]' for 'POST' to 'http://localhost:18354/session/db2850b623f9611616f7712f672fd480/element'
[DEBUG] Using open Channel [id: 0x1697e3e0, L:/127.0.0.1:57168 - R:localhost/127.0.0.1:18354] for POST '/session/db2850b623f9611616f7712f672fd480/element'
[DEBUG] 

Request DefaultHttpRequest(decodeResult: success, version: HTTP/1.1)
POST /session/db2850b623f9611616f7712f672fd480/element HTTP/1.1
User-Agent: selenium/4.6.0 (java windows)
Content-Length: 239
Content-Type: application/json; charset=utf-8
host: localhost:18354
accept: */*

Response DefaultHttpResponse(decodeResult: success, version: HTTP/1.1)
HTTP/1.1 200 OK
Content-Type: application/json; charset=utf-8
cache-control: no-cache
content-length: 88

[DEBUG] Adding key: http://localhost:18354 for channel [id: 0x1697e3e0, L:/127.0.0.1:57168 - R:localhost/127.0.0.1:18354]
[DEBUG] Using pooled Channel '[id: 0x1697e3e0, L:/127.0.0.1:57168 - R:localhost/127.0.0.1:18354]' for 'POST' to 'http://localhost:18354/session/db2850b623f9611616f7712f672fd480/element/a7487739-1998-4c46-9d80-15c70ad51e2a/click'
[DEBUG] Using open Channel [id: 0x1697e3e0, L:/127.0.0.1:57168 - R:localhost/127.0.0.1:18354] for POST '/session/db2850b623f9611616f7712f672fd480/element/a7487739-1998-4c46-9d80-15c70ad51e2a/click'
[DEBUG] Entry count for : http://localhost:19955 : 1
[DEBUG] Entry count for : http://localhost:57169 : 1
[...]
	at org.openqa.selenium.remote.RemoteWebDriver.findElement(RemoteWebDriver.java:357)
	at org.openqa.selenium.support.pagefactory.DefaultElementLocator.findElement(DefaultElementLocator.java:70)
	at org.openqa.selenium.support.pagefactory.internal.LocatingElementHandler.invoke(LocatingElementHandler.java:39)
	at com.sun.proxy.$Proxy39.click(Unknown Source)
	at pageObject.LoginPage.clickOnLogOutBtn(LoginPage.java:43)
	at stepDefinition.StepDef.user_click_on_log_out_link(StepDef.java:130)
	at ✽.user click on Log out link(file:///D:/new%20projects/BDDCucumber/Features/LoginFeature.feature:20)
]]></failure>
    <system-out><![CDATA[[DEBUG] Resolution chrome=109 in cache (valid until 14:07:32 31/01/2023 IST)
[DEBUG] Resolution chrome109=109.0.5414.74 in cache (valid until 18:22:56 31/01/2023 IST)
[INFO] Using chromedriver 109.0.5414.74 (resolved driver for Chrome 109)
[DEBUG] Driver chromedriver 109.0.5414.74 found in cache
[INFO] Exporting webdriver.chrome.driver as C:\Users\dell\.cache\selenium\chromedriver\win32\109.0.5414.74\chromedriver.exe
[DEBUG] Using new Channel '[id: 0xf52a461b, L:/127.0.0.1:57356 - R:localhost/127.0.0.1:48915]' for 'POST' to '/session'
[DEBUG] Entry count for : http://localhost:26191 : 1
[DEBUG] Entry count for : http://localhost:57320 : 1
[DEBUG] Entry count for : http://localhost:57334 : 1
[DEBUG] Entry count for : http://localhost:43447 : 1
[DEBUG] Entry count for : http://localhost:48645 : 1
[DEBUG] 

Request DefaultHttpRequest(decodeResult: success, version: HTTP/1.1)
POST /session HTTP/1.1
User-Agent: selenium/4.6.0 (java windows)
Content-Length: 365
Content-Type: application/json; charset=utf-8
host: localhost:48915
accept: */*

Response DefaultHttpResponse(decodeResult: success, version: HTTP/1.1)
HTTP/1.1 200 OK
Content-Type: application/json; charset=utf-8
cache-control: no-cache
content-length: 790

[DEBUG] Adding key: http://localhost:48915 for channel [id: 0xf52a461b, L:/127.0.0.1:57356 - R:localhost/127.0.0.1:48915]
[DEBUG] Using new Channel '[id: 0xc5f17724, L:/127.0.0.1:57362 - R:localhost/127.0.0.1:57357]' for 'GET' to '/json/version'
[DEBUG] 

Request DefaultFullHttpRequest(decodeResult: success, version: HTTP/1.1, content: EmptyByteBufBE)
GET /json/version HTTP/1.1
User-Agent: selenium/4.6.0 (java windows)
host: localhost:57357
accept: */*

Response DefaultHttpResponse(decodeResult: success, version: HTTP/1.1)
HTTP/1.1 200 OK
Content-Type: application/json; charset=UTF-8
content-length: 424

[DEBUG] Adding key: http://localhost:57357 for channel [id: 0xc5f17724, L:/127.0.0.1:57362 - R:localhost/127.0.0.1:57357]
[DEBUG] Using new Channel '[id: 0x009ccd3d, L:/127.0.0.1:57363 - R:localhost/127.0.0.1:57357]' for 'GET' to '/devtools/browser/f3990430-9e71-4fd1-b534-a978eabd7c74'
[DEBUG] 

Request DefaultFullHttpRequest(decodeResult: success, version: HTTP/1.1, content: EmptyByteBufBE)
GET /devtools/browser/f3990430-9e71-4fd1-b534-a978eabd7c74 HTTP/1.1
upgrade: websocket
connection: upgrade
sec-websocket-key: KU/EvlxKq5x2ZRtYXRDy3A==
sec-websocket-version: 13
origin: http://localhost:57357
host: localhost:57357
accept: */*
user-agent: AHC/2.1

Response DefaultHttpResponse(decodeResult: success, version: HTTP/1.1)
HTTP/1.1 101 WebSocket Protocol Handshake
Upgrade: WebSocket
Connection: Upgrade
Sec-WebSocket-Accept: be1kPr2VGr6ObQ4ofOxWgfCXmjg=

[INFO ] 2023-01-31 13:36:07.336 [main] StepDef - Browser has been launched 
[DEBUG] Using pooled Channel '[id: 0xf52a461b, L:/127.0.0.1:57356 - R:localhost/127.0.0.1:48915]' for 'POST' to 'http://localhost:48915/session/96ab13f46520dee3d20dea67eebd5cda/url'
[DEBUG] Using open Channel [id: 0xf52a461b, L:/127.0.0.1:57356 - R:localhost/127.0.0.1:48915] for POST '/session/96ab13f46520dee3d20dea67eebd5cda/url'
[DEBUG] Entry count for : http://localhost:26191 : 1
[DEBUG] Entry count for : http://localhost:57320 : 1
[DEBUG] Entry count for : http://localhost:57357 : 1
[DEBUG] Entry count for : http://localhost:57334 : 1
[DEBUG] Entry count for : http://localhost:43447 : 1
[DEBUG] Entry count for : http://localhost:48645 : 1
[DEBUG] Entry count for : http://localhost:26191 : 1
[DEBUG] Entry count for : http://localhost:57320 : 1
[DEBUG] Entry count for : http://localhost:57357 : 1
[DEBUG] Entry count for : http://localhost:57334 : 1
[DEBUG] Entry count for : http://localhost:43447 : 1
[DEBUG] Entry count for : http://localhost:48645 : 1
[DEBUG] Entry count for : http://localhost:26191 : 1
[DEBUG] Entry count for : http://localhost:57320 : 1
[DEBUG] Entry count for : http://localhost:57357 : 1
[DEBUG] Entry count for : http://localhost:57334 : 1
[DEBUG] Entry count for : http://localhost:43447 : 1
[DEBUG] Entry count for : http://localhost:48645 : 1
[DEBUG] 

Request DefaultHttpRequest(decodeResult: success, version: HTTP/1.1)
POST /session/96ab13f46520dee3d20dea67eebd5cda/url HTTP/1.1
User-Agent: selenium/4.6.0 (java windows)
Content-Length: 69
Content-Type: application/json; charset=utf-8
host: localhost:48915
accept: */*

Response DefaultHttpResponse(decodeResult: success, version: HTTP/1.1)
HTTP/1.1 200 OK
Content-Type: application/json; charset=utf-8
cache-control: no-cache
content-length: 14

[DEBUG] Adding key: http://localhost:48915 for channel [id: 0xf52a461b, L:/127.0.0.1:57356 - R:localhost/127.0.0.1:48915]
[INFO ] 2023-01-31 13:36:10.916 [main] StepDef - URL has been hitted succesfullyhttp://admin-demo.nopcommerce.com/login
[DEBUG] Using pooled Channel '[id: 0xf52a461b, L:/127.0.0.1:57356 - R:localhost/127.0.0.1:48915]' for 'POST' to 'http://localhost:48915/session/96ab13f46520dee3d20dea67eebd5cda/element'
[DEBUG] Using open Channel [id: 0xf52a461b, L:/127.0.0.1:57356 - R:localhost/127.0.0.1:48915] for POST '/session/96ab13f46520dee3d20dea67eebd5cda/element'
[DEBUG] 

Request DefaultHttpRequest(decodeResult: success, version: HTTP/1.1)
POST /session/96ab13f46520dee3d20dea67eebd5cda/element HTTP/1.1
User-Agent: selenium/4.6.0 (java windows)
Content-Length: 50
Content-Type: application/json; charset=utf-8
host: localhost:48915
accept: */*

Response DefaultHttpResponse(decodeResult: success, version: HTTP/1.1)
HTTP/1.1 200 OK
Content-Type: application/json; charset=utf-8
cache-control: no-cache
content-length: 88

[DEBUG] Adding key: http://localhost:48915 for channel [id: 0xf52a461b, L:/127.0.0.1:57356 - R:localhost/127.0.0.1:48915]
[DEBUG] Using pooled Channel '[id: 0xf52a461b, L:/127.0.0.1:57356 - R:localhost/127.0.0.1:48915]' for 'POST' to 'http://localhost:48915/session/96ab13f46520dee3d20dea67eebd5cda/element/96a4d00d-f067-4a8b-a731-6d5bb171510b/clear'
[DEBUG] Using open Channel [id: 0xf52a461b, L:/127.0.0.1:57356 - R:localhost/127.0.0.1:48915] for POST '/session/96ab13f46520dee3d20dea67eebd5cda/element/96a4d00d-f067-4a8b-a731-6d5bb171510b/clear'
[DEBUG] 

Request DefaultHttpRequest(decodeResult: success, version: HTTP/1.1)
POST /session/96ab13f46520dee3d20dea67eebd5cda/element/96a4d00d-f067-4a8b-a731-6d5bb171510b/clear HTTP/1.1
User-Agent: selenium/4.6.0 (java windows)
Content-Length: 50
Content-Type: application/json; charset=utf-8
host: localhost:48915
accept: */*

Response DefaultHttpResponse(decodeResult: success, version: HTTP/1.1)
HTTP/1.1 200 OK
Content-Type: application/json; charset=utf-8
cache-control: no-cache
content-length: 14

[DEBUG] Adding key: http://localhost:48915 for channel [id: 0xf52a461b, L:/127.0.0.1:57356 - R:localhost/127.0.0.1:48915]
[DEBUG] Using pooled Channel '[id: 0xf52a461b, L:/127.0.0.1:57356 - R:localhost/127.0.0.1:48915]' for 'POST' to 'http://localhost:48915/session/96ab13f46520dee3d20dea67eebd5cda/element'
[DEBUG] Using open Channel [id: 0xf52a461b, L:/127.0.0.1:57356 - R:localhost/127.0.0.1:48915] for POST '/session/96ab13f46520dee3d20dea67eebd5cda/element'
[DEBUG] 

Request DefaultHttpRequest(decodeResult: success, version: HTTP/1.1)
POST /session/96ab13f46520dee3d20dea67eebd5cda/element HTTP/1.1
User-Agent: selenium/4.6.0 (java windows)
Content-Length: 50
Content-Type: application/json; charset=utf-8
host: localhost:48915
accept: */*

Response DefaultHttpResponse(decodeResult: success, version: HTTP/1.1)
HTTP/1.1 200 OK
Content-Type: application/json; charset=utf-8
cache-control: no-cache
content-length: 88

[DEBUG] Adding key: http://localhost:48915 for channel [id: 0xf52a461b, L:/127.0.0.1:57356 - R:localhost/127.0.0.1:48915]
[DEBUG] Using pooled Channel '[id: 0xf52a461b, L:/127.0.0.1:57356 - R:localhost/127.0.0.1:48915]' for 'POST' to 'http://localhost:48915/session/96ab13f46520dee3d20dea67eebd5cda/element/96a4d00d-f067-4a8b-a731-6d5bb171510b/value'
[DEBUG] Using open Channel [id: 0xf52a461b, L:/127.0.0.1:57356 - R:localhost/127.0.0.1:48915] for POST '/session/96ab13f46520dee3d20dea67eebd5cda/element/96a4d00d-f067-4a8b-a731-6d5bb171510b/value'
[DEBUG] 

Request DefaultHttpRequest(decodeResult: success, version: HTTP/1.1)
POST /session/96ab13f46520dee3d20dea67eebd5cda/element/96a4d00d-f067-4a8b-a731-6d5bb171510b/value HTTP/1.1
User-Agent: selenium/4.6.0 (java windows)
Content-Length: 251
Content-Type: application/json; charset=utf-8
host: localhost:48915
accept: */*

Response DefaultHttpResponse(decodeResult: success, version: HTTP/1.1)
HTTP/1.1 200 OK
Content-Type: application/json; charset=utf-8
cache-control: no-cache
content-length: 14

[DEBUG] Adding key: http://localhost:48915 for channel [id: 0xf52a461b, L:/127.0.0.1:57356 - R:localhost/127.0.0.1:48915]
[INFO ] 2023-01-31 13:36:11.087 [main] StepDef - Email Entered succesfully 
[DEBUG] Using pooled Channel '[id: 0xf52a461b, L:/127.0.0.1:57356 - R:localhost/127.0.0.1:48915]' for 'POST' to 'http://localhost:48915/session/96ab13f46520dee3d20dea67eebd5cda/element'
[DEBUG] Using open Channel [id: 0xf52a461b, L:/127.0.0.1:57356 - R:localhost/127.0.0.1:48915] for POST '/session/96ab13f46520dee3d20dea67eebd5cda/element'
[DEBUG] 

Request DefaultHttpRequest(decodeResult: success, version: HTTP/1.1)
POST /session/96ab13f46520dee3d20dea67eebd5cda/element HTTP/1.1
User-Agent: selenium/4.6.0 (java windows)
Content-Length: 53
Content-Type: application/json; charset=utf-8
host: localhost:48915
accept: */*

Response DefaultHttpResponse(decodeResult: success, version: HTTP/1.1)
HTTP/1.1 200 OK
Content-Type: application/json; charset=utf-8
cache-control: no-cache
content-length: 88

[DEBUG] Adding key: http://localhost:48915 for channel [id: 0xf52a461b, L:/127.0.0.1:57356 - R:localhost/127.0.0.1:48915]
[DEBUG] Using pooled Channel '[id: 0xf52a461b, L:/127.0.0.1:57356 - R:localhost/127.0.0.1:48915]' for 'POST' to 'http://localhost:48915/session/96ab13f46520dee3d20dea67eebd5cda/element/34931f3b-32e3-4af3-a2ca-f7c059900ef9/clear'
[DEBUG] Using open Channel [id: 0xf52a461b, L:/127.0.0.1:57356 - R:localhost/127.0.0.1:48915] for POST '/session/96ab13f46520dee3d20dea67eebd5cda/element/34931f3b-32e3-4af3-a2ca-f7c059900ef9/clear'
[DEBUG] 

Request DefaultHttpRequest(decodeResult: success, version: HTTP/1.1)
POST /session/96ab13f46520dee3d20dea67eebd5cda/element/34931f3b-32e3-4af3-a2ca-f7c059900ef9/clear HTTP/1.1
User-Agent: selenium/4.6.0 (java windows)
Content-Length: 50
Content-Type: application/json; charset=utf-8
host: localhost:48915
accept: */*

Response DefaultHttpResponse(decodeResult: success, version: HTTP/1.1)
HTTP/1.1 200 OK
Content-Type: application/json; charset=utf-8
cache-control: no-cache
content-length: 14

[DEBUG] Adding key: http://localhost:48915 for channel [id: 0xf52a461b, L:/127.0.0.1:57356 - R:localhost/127.0.0.1:48915]
[DEBUG] Using pooled Channel '[id: 0xf52a461b, L:/127.0.0.1:57356 - R:localhost/127.0.0.1:48915]' for 'POST' to 'http://localhost:48915/session/96ab13f46520dee3d20dea67eebd5cda/element'
[DEBUG] Using open Channel [id: 0xf52a461b, L:/127.0.0.1:57356 - R:localhost/127.0.0.1:48915] for POST '/session/96ab13f46520dee3d20dea67eebd5cda/element'
[DEBUG] 

Request DefaultHttpRequest(decodeResult: success, version: HTTP/1.1)
POST /session/96ab13f46520dee3d20dea67eebd5cda/element HTTP/1.1
User-Agent: selenium/4.6.0 (java windows)
Content-Length: 53
Content-Type: application/json; charset=utf-8
host: localhost:48915
accept: */*

Response DefaultHttpResponse(decodeResult: success, version: HTTP/1.1)
HTTP/1.1 200 OK
Content-Type: application/json; charset=utf-8
cache-control: no-cache
content-length: 88

[DEBUG] Adding key: http://localhost:48915 for channel [id: 0xf52a461b, L:/127.0.0.1:57356 - R:localhost/127.0.0.1:48915]
[DEBUG] Using pooled Channel '[id: 0xf52a461b, L:/127.0.0.1:57356 - R:localhost/127.0.0.1:48915]' for 'POST' to 'http://localhost:48915/session/96ab13f46520dee3d20dea67eebd5cda/element/34931f3b-32e3-4af3-a2ca-f7c059900ef9/value'
[DEBUG] Using open Channel [id: 0xf52a461b, L:/127.0.0.1:57356 - R:localhost/127.0.0.1:48915] for POST '/session/96ab13f46520dee3d20dea67eebd5cda/element/34931f3b-32e3-4af3-a2ca-f7c059900ef9/value'
[DEBUG] 

Request DefaultHttpRequest(decodeResult: success, version: HTTP/1.1)
POST /session/96ab13f46520dee3d20dea67eebd5cda/element/34931f3b-32e3-4af3-a2ca-f7c059900ef9/value HTTP/1.1
User-Agent: selenium/4.6.0 (java windows)
Content-Length: 121
Content-Type: application/json; charset=utf-8
host: localhost:48915
accept: */*

Response DefaultHttpResponse(decodeResult: success, version: HTTP/1.1)
HTTP/1.1 200 OK
Content-Type: application/json; charset=utf-8
cache-control: no-cache
content-length: 14

[DEBUG] Adding key: http://localhost:48915 for channel [id: 0xf52a461b, L:/127.0.0.1:57356 - R:localhost/127.0.0.1:48915]
[INFO ] 2023-01-31 13:36:11.242 [main] StepDef - Password  Entered succesfully 
[DEBUG] Using pooled Channel '[id: 0xf52a461b, L:/127.0.0.1:57356 - R:localhost/127.0.0.1:48915]' for 'POST' to 'http://localhost:48915/session/96ab13f46520dee3d20dea67eebd5cda/element'
[DEBUG] Using open Channel [id: 0xf52a461b, L:/127.0.0.1:57356 - R:localhost/127.0.0.1:48915] for POST '/session/96ab13f46520dee3d20dea67eebd5cda/element'
[DEBUG] 

Request DefaultHttpRequest(decodeResult: success, version: HTTP/1.1)
POST /session/96ab13f46520dee3d20dea67eebd5cda/element HTTP/1.1
User-Agent: selenium/4.6.0 (java windows)
Content-Length: 71
Content-Type: application/json; charset=utf-8
host: localhost:48915
accept: */*

Response DefaultHttpResponse(decodeResult: success, version: HTTP/1.1)
HTTP/1.1 200 OK
Content-Type: application/json; charset=utf-8
cache-control: no-cache
content-length: 88

[DEBUG] Adding key: http://localhost:48915 for channel [id: 0xf52a461b, L:/127.0.0.1:57356 - R:localhost/127.0.0.1:48915]
[DEBUG] Using pooled Channel '[id: 0xf52a461b, L:/127.0.0.1:57356 - R:localhost/127.0.0.1:48915]' for 'POST' to 'http://localhost:48915/session/96ab13f46520dee3d20dea67eebd5cda/element/ff28f9b9-db0d-48ee-b7d8-ae7c004ff8dc/click'
[DEBUG] Using open Channel [id: 0xf52a461b, L:/127.0.0.1:57356 - R:localhost/127.0.0.1:48915] for POST '/session/96ab13f46520dee3d20dea67eebd5cda/element/ff28f9b9-db0d-48ee-b7d8-ae7c004ff8dc/click'
[DEBUG] Entry count for : http://localhost:26191 : 1
[DEBUG] Entry count for : http://localhost:57320 : 1
[DEBUG] Entry count for : http://localhost:57357 : 1
[DEBUG] Entry count for : http://localhost:57334 : 1
[DEBUG] Entry count for : http://localhost:43447 : 1
[DEBUG] Entry count for : http://localhost:48645 : 1
[DEBUG] Entry count for : http://localhost:26191 : 1
[DEBUG] Entry count for : http://localhost:57320 : 1
[DEBUG] Entry count for : http://localhost:57357 : 1
[DEBUG] Entry count for : http://localhost:57334 : 1
[DEBUG] Entry count for : http://localhost:43447 : 1
[DEBUG] Entry count for : http://localhost:48645 : 1
[DEBUG] 

Request DefaultHttpRequest(decodeResult: success, version: HTTP/1.1)
POST /session/96ab13f46520dee3d20dea67eebd5cda/element/ff28f9b9-db0d-48ee-b7d8-ae7c004ff8dc/click HTTP/1.1
User-Agent: selenium/4.6.0 (java windows)
Content-Length: 50
Content-Type: application/json; charset=utf-8
host: localhost:48915
accept: */*

Response DefaultHttpResponse(decodeResult: success, version: HTTP/1.1)
HTTP/1.1 200 OK
Content-Type: application/json; charset=utf-8
cache-control: no-cache
content-length: 14

[DEBUG] Adding key: http://localhost:48915 for channel [id: 0xf52a461b, L:/127.0.0.1:57356 - R:localhost/127.0.0.1:48915]
[INFO ] 2023-01-31 13:36:12.905 [main] StepDef - Clicked on login Button successfully
[DEBUG] Using pooled Channel '[id: 0xf52a461b, L:/127.0.0.1:57356 - R:localhost/127.0.0.1:48915]' for 'GET' to 'http://localhost:48915/session/96ab13f46520dee3d20dea67eebd5cda/title'
[DEBUG] Using open Channel [id: 0xf52a461b, L:/127.0.0.1:57356 - R:localhost/127.0.0.1:48915] for GET '/session/96ab13f46520dee3d20dea67eebd5cda/title'
[DEBUG] 

Request DefaultFullHttpRequest(decodeResult: success, version: HTTP/1.1, content: EmptyByteBufBE)
GET /session/96ab13f46520dee3d20dea67eebd5cda/title HTTP/1.1
User-Agent: selenium/4.6.0 (java windows)
Cache-Control: no-cache
Content-Type: application/json; charset=utf-8
host: localhost:48915
accept: */*

Response DefaultHttpResponse(decodeResult: success, version: HTTP/1.1)
HTTP/1.1 200 OK
Content-Type: application/json; charset=utf-8
cache-control: no-cache
content-length: 29

[DEBUG] Adding key: http://localhost:48915 for channel [id: 0xf52a461b, L:/127.0.0.1:57356 - R:localhost/127.0.0.1:48915]
Your store. Login
Test has been Failed  where actual title is:Your store. Login the expected Title:Dashboard / nopcommerce administration
[INFO ] 2023-01-31 13:36:12.921 [main] StepDef - Test has been Failed  where actual title is:Your store. Login the expected Title:Dashboard / nopcommerce administration
[DEBUG] Using pooled Channel '[id: 0xf52a461b, L:/127.0.0.1:57356 - R:localhost/127.0.0.1:48915]' for 'POST' to 'http://localhost:48915/session/96ab13f46520dee3d20dea67eebd5cda/element'
[DEBUG] Using open Channel [id: 0xf52a461b, L:/127.0.0.1:57356 - R:localhost/127.0.0.1:48915] for POST '/session/96ab13f46520dee3d20dea67eebd5cda/element'
[DEBUG] 

Request DefaultHttpRequest(decodeResult: success, version: HTTP/1.1)
POST /session/96ab13f46520dee3d20dea67eebd5cda/element HTTP/1.1
User-Agent: selenium/4.6.0 (java windows)
Content-Length: 47
Content-Type: application/json; charset=utf-8
host: localhost:48915
accept: */*

Response DefaultHttpResponse(decodeResult: success, version: HTTP/1.1)
HTTP/1.1 404 Not Found
Content-Type: application/json; charset=utf-8
cache-control: no-cache
content-length: 946

[DEBUG] Adding key: http://localhost:48915 for channel [id: 0xf52a461b, L:/127.0.0.1:57356 - R:localhost/127.0.0.1:48915]
[DEBUG] Using pooled Channel '[id: 0xf52a461b, L:/127.0.0.1:57356 - R:localhost/127.0.0.1:48915]' for 'GET' to 'http://localhost:48915/session/96ab13f46520dee3d20dea67eebd5cda/screenshot'
[DEBUG] Using open Channel [id: 0xf52a461b, L:/127.0.0.1:57356 - R:localhost/127.0.0.1:48915] for GET '/session/96ab13f46520dee3d20dea67eebd5cda/screenshot'
[DEBUG] 

Request DefaultFullHttpRequest(decodeResult: success, version: HTTP/1.1, content: EmptyByteBufBE)
GET /session/96ab13f46520dee3d20dea67eebd5cda/screenshot HTTP/1.1
User-Agent: selenium/4.6.0 (java windows)
Cache-Control: no-cache
Content-Type: application/json; charset=utf-8
host: localhost:48915
accept: */*

Response DefaultHttpResponse(decodeResult: success, version: HTTP/1.1)
HTTP/1.1 200 OK
Content-Type: application/json; charset=utf-8
cache-control: no-cache
content-length: 12680

[DEBUG] Adding key: http://localhost:48915 for channel [id: 0xf52a461b, L:/127.0.0.1:57356 - R:localhost/127.0.0.1:48915]
]]></system-out>
    <system-err><![CDATA[Starting ChromeDriver 109.0.5414.74 (e7c5703604daa9cc128ccf5a5d3e993513758913-refs/branch-heads/5414@{#1172}) on port 48915
Only local connections are allowed.
Please see https://chromedriver.chromium.org/security-considerations for suggestions on keeping ChromeDriver safe.
ChromeDriver was started successfully.
Jan 31, 2023 1:36:07 PM org.openqa.selenium.devtools.CdpVersionFinder findNearestMatch
WARNING: Unable to find an exact match for CDP version 109, so returning the closest version found: 107
]]></system-err>
  </testcase>
</testsuite>